<?xml version="1.0" ?>
<!DOCTYPE coverage SYSTEM "http://cobertura.sourceforge.net/xml/coverage-04.dtd">
<coverage lines-valid="4368" lines-covered="2831" line-rate="0.6481" branches-valid="2891" branches-covered="1786" branch-rate="0.6177" timestamp="1768082691485" complexity="0" version="0.1">
  <sources>
    <source>/home/runner/work/snapcraft.io/snapcraft.io</source>
  </sources>
  <packages>
    <package name="base" line-rate="0.2758" branch-rate="0.125">
      <classes>
        <class name="ga.ts" filename="static/js/base/ga.ts" line-rate="0.2758" branch-rate="0.125">
          <methods>
            <method name="triggerEvent" hits="1" signature="()V">
              <lines>
                <line number="27" hits="1"/>
              </lines>
            </method>
            <method name="triggerEventReleaseUI" hits="10" signature="()V">
              <lines>
                <line number="39" hits="10"/>
              </lines>
            </method>
            <method name="(anonymous_2)" hits="0" signature="()V">
              <lines>
                <line number="52" hits="0"/>
              </lines>
            </method>
          </methods>
          <lines>
            <line number="1" hits="10" branch="false"/>
            <line number="2" hits="10" branch="false"/>
            <line number="4" hits="10" branch="false"/>
            <line number="28" hits="1" branch="true" condition-coverage="50% (1/2)"/>
            <line number="29" hits="1" branch="false"/>
            <line number="40" hits="10" branch="true" condition-coverage="50% (1/2)"/>
            <line number="41" hits="10" branch="false"/>
            <line number="51" hits="10" branch="true" condition-coverage="50% (1/2)"/>
            <line number="52" hits="0" branch="false"/>
            <line number="55" hits="0" branch="false"/>
            <line number="57" hits="0" branch="true" condition-coverage="0% (0/2)"/>
            <line number="58" hits="0" branch="false"/>
            <line number="61" hits="0" branch="false"/>
            <line number="63" hits="0" branch="true" condition-coverage="0% (0/2)"/>
            <line number="64" hits="0" branch="false"/>
            <line number="67" hits="0" branch="true" condition-coverage="0% (0/2)"/>
            <line number="68" hits="0" branch="false"/>
            <line number="71" hits="0" branch="false"/>
            <line number="72" hits="0" branch="true" condition-coverage="0% (0/2)"/>
            <line number="75" hits="0" branch="false"/>
            <line number="76" hits="0" branch="false"/>
            <line number="78" hits="0" branch="true" condition-coverage="0% (0/2)"/>
            <line number="79" hits="0" branch="false"/>
            <line number="82" hits="0" branch="true" condition-coverage="0% (0/2)"/>
            <line number="83" hits="0" branch="true" condition-coverage="0% (0/2)"/>
            <line number="87" hits="0" branch="false"/>
            <line number="91" hits="0" branch="true" condition-coverage="0% (0/2)"/>
            <line number="92" hits="0" branch="false"/>
            <line number="100" hits="0" branch="false"/>
          </lines>
        </class>
      </classes>
    </package>
    <package name="libs" line-rate="0.971" branch-rate="0.8332999999999999">
      <classes>
        <class name="channels.js" filename="static/js/libs/channels.js" line-rate="1" branch-rate="0.8679000000000001">
          <methods>
            <method name="parseChannel" hits="41" signature="()V">
              <lines>
                <line number="9" hits="41"/>
              </lines>
            </method>
            <method name="createChannelTree" hits="10" signature="()V">
              <lines>
                <line number="75" hits="10"/>
              </lines>
            </method>
            <method name="(anonymous_2)" hits="37" signature="()V">
              <lines>
                <line number="78" hits="37"/>
              </lines>
            </method>
            <method name="sortAlphaNum" hits="33" signature="()V">
              <lines>
                <line number="120" hits="33"/>
              </lines>
            </method>
            <method name="(anonymous_4)" hits="72" signature="()V">
              <lines>
                <line number="124" hits="72"/>
              </lines>
            </method>
            <method name="(anonymous_5)" hits="7" signature="()V">
              <lines>
                <line number="139" hits="7"/>
              </lines>
            </method>
            <method name="(anonymous_6)" hits="27" signature="()V">
              <lines>
                <line number="146" hits="27"/>
              </lines>
            </method>
            <method name="sortChannels" hits="6" signature="()V">
              <lines>
                <line number="174" hits="6"/>
              </lines>
            </method>
            <method name="(anonymous_8)" hits="22" signature="()V">
              <lines>
                <line number="175" hits="22"/>
              </lines>
            </method>
            <method name="(anonymous_9)" hits="17" signature="()V">
              <lines>
                <line number="187" hits="17"/>
              </lines>
            </method>
            <method name="(anonymous_10)" hits="17" signature="()V">
              <lines>
                <line number="191" hits="17"/>
              </lines>
            </method>
            <method name="(anonymous_11)" hits="3" signature="()V">
              <lines>
                <line number="192" hits="3"/>
              </lines>
            </method>
            <method name="(anonymous_12)" hits="20" signature="()V">
              <lines>
                <line number="196" hits="20"/>
              </lines>
            </method>
            <method name="(anonymous_13)" hits="20" signature="()V">
              <lines>
                <line number="198" hits="20"/>
              </lines>
            </method>
            <method name="(anonymous_14)" hits="22" signature="()V">
              <lines>
                <line number="201" hits="22"/>
              </lines>
            </method>
            <method name="(anonymous_15)" hits="6" signature="()V">
              <lines>
                <line number="209" hits="6"/>
              </lines>
            </method>
            <method name="(anonymous_16)" hits="17" signature="()V">
              <lines>
                <line number="211" hits="17"/>
              </lines>
            </method>
            <method name="(anonymous_17)" hits="20" signature="()V">
              <lines>
                <line number="213" hits="20"/>
              </lines>
            </method>
            <method name="(anonymous_18)" hits="4" signature="()V">
              <lines>
                <line number="215" hits="4"/>
              </lines>
            </method>
            <method name="(anonymous_19)" hits="20" signature="()V">
              <lines>
                <line number="217" hits="20"/>
              </lines>
            </method>
            <method name="(anonymous_20)" hits="70" signature="()V">
              <lines>
                <line number="235" hits="70"/>
              </lines>
            </method>
            <method name="getChannelString" hits="16" signature="()V">
              <lines>
                <line number="266" hits="16"/>
              </lines>
            </method>
          </methods>
          <lines>
            <line number="1" hits="15" branch="false"/>
            <line number="10" hits="41" branch="false"/>
            <line number="15" hits="41" branch="false"/>
            <line number="17" hits="41" branch="true" condition-coverage="100% (2/2)"/>
            <line number="18" hits="5" branch="true" condition-coverage="100% (2/2)"/>
            <line number="19" hits="3" branch="false"/>
            <line number="23" hits="41" branch="false"/>
            <line number="24" hits="41" branch="true" condition-coverage="100% (2/2)"/>
            <line number="25" hits="14" branch="false"/>
            <line number="26" hits="14" branch="false"/>
            <line number="27" hits="27" branch="true" condition-coverage="100% (2/2)"/>
            <line number="28" hits="23" branch="true" condition-coverage="100% (2/2)"/>
            <line number="29" hits="16" branch="false"/>
            <line number="30" hits="16" branch="false"/>
            <line number="31" hits="16" branch="false"/>
            <line number="32" hits="16" branch="false"/>
            <line number="34" hits="7" branch="false"/>
            <line number="35" hits="7" branch="false"/>
            <line number="36" hits="7" branch="false"/>
            <line number="37" hits="7" branch="false"/>
            <line number="39" hits="4" branch="true" condition-coverage="50% (1/2)"/>
            <line number="40" hits="4" branch="false"/>
            <line number="41" hits="4" branch="false"/>
            <line number="42" hits="4" branch="false"/>
            <line number="43" hits="4" branch="false"/>
            <line number="44" hits="4" branch="false"/>
            <line number="45" hits="4" branch="false"/>
            <line number="48" hits="41" branch="false"/>
            <line number="76" hits="10" branch="false"/>
            <line number="78" hits="10" branch="false"/>
            <line number="79" hits="37" branch="true" condition-coverage="100% (2/2)"/>
            <line number="80" hits="22" branch="false"/>
            <line number="86" hits="37" branch="false"/>
            <line number="88" hits="37" branch="true" condition-coverage="100% (2/2)"/>
            <line number="89" hits="31" branch="false"/>
            <line number="94" hits="37" branch="false"/>
            <line number="96" hits="37" branch="true" condition-coverage="100% (2/2)"/>
            <line number="97" hits="31" branch="false"/>
            <line number="100" hits="37" branch="false"/>
            <line number="105" hits="10" branch="false"/>
            <line number="121" hits="33" branch="false"/>
            <line number="122" hits="33" branch="false"/>
            <line number="123" hits="33" branch="false"/>
            <line number="124" hits="33" branch="false"/>
            <line number="129" hits="72" branch="true" condition-coverage="100% (4/4)"/>
            <line number="130" hits="27" branch="false"/>
            <line number="131" hits="45" branch="true" condition-coverage="100% (2/2)"/>
            <line number="132" hits="17" branch="false"/>
            <line number="134" hits="28" branch="false"/>
            <line number="139" hits="33" branch="false"/>
            <line number="140" hits="7" branch="false"/>
            <line number="143" hits="33" branch="false"/>
            <line number="146" hits="33" branch="false"/>
            <line number="147" hits="27" branch="false"/>
            <line number="154" hits="33" branch="false"/>
            <line number="175" hits="22" branch="false"/>
            <line number="176" hits="6" branch="false"/>
            <line number="178" hits="6" branch="false"/>
            <line number="180" hits="6" branch="false"/>
            <line number="181" hits="6" branch="true" condition-coverage="100% (4/4)"/>
            <line number="182" hits="1" branch="false"/>
            <line number="185" hits="6" branch="false"/>
            <line number="187" hits="6" branch="false"/>
            <line number="188" hits="17" branch="false"/>
            <line number="191" hits="6" branch="false"/>
            <line number="192" hits="17" branch="false"/>
            <line number="193" hits="3" branch="false"/>
            <line number="196" hits="20" branch="false"/>
            <line number="198" hits="17" branch="false"/>
            <line number="199" hits="20" branch="false"/>
            <line number="201" hits="22" branch="false"/>
            <line number="203" hits="20" branch="false"/>
            <line number="206" hits="17" branch="false"/>
            <line number="209" hits="6" branch="false"/>
            <line number="210" hits="6" branch="false"/>
            <line number="211" hits="6" branch="false"/>
            <line number="212" hits="17" branch="true" condition-coverage="50% (1/2)"/>
            <line number="213" hits="17" branch="false"/>
            <line number="214" hits="20" branch="true" condition-coverage="100% (4/4)"/>
            <line number="215" hits="2" branch="false"/>
            <line number="216" hits="4" branch="false"/>
            <line number="218" hits="20" branch="true" condition-coverage="100% (3/3)"/>
            <line number="222" hits="4" branch="false"/>
            <line number="223" hits="4" branch="true" condition-coverage="50% (1/2)"/>
            <line number="224" hits="4" branch="false"/>
            <line number="226" hits="4" branch="true" condition-coverage="50% (1/2)"/>
            <line number="227" hits="4" branch="false"/>
            <line number="229" hits="4" branch="true" condition-coverage="50% (1/2)"/>
            <line number="230" hits="4" branch="false"/>
            <line number="232" hits="4" branch="false"/>
            <line number="235" hits="18" branch="false"/>
            <line number="236" hits="70" branch="true" condition-coverage="100% (2/2)"/>
            <line number="238" hits="18" branch="false"/>
            <line number="239" hits="18" branch="true" condition-coverage="100% (2/2)"/>
            <line number="240" hits="13" branch="false"/>
            <line number="242" hits="18" branch="true" condition-coverage="50% (1/2)"/>
            <line number="243" hits="18" branch="false"/>
            <line number="245" hits="18" branch="false"/>
            <line number="251" hits="6" branch="false"/>
            <line number="254" hits="6" branch="false"/>
            <line number="267" hits="16" branch="true" condition-coverage="50% (1/2)"/>
          </lines>
        </class>
        <class name="debounce.ts" filename="static/js/libs/debounce.ts" line-rate="0.8665999999999999" branch-rate="0.5">
          <methods>
            <method name="debounce" hits="207" signature="()V">
              <lines>
                <line number="5" hits="207"/>
              </lines>
            </method>
            <method name="(anonymous_1)" hits="2000" signature="()V">
              <lines>
                <line number="12" hits="2000"/>
              </lines>
            </method>
            <method name="(anonymous_2)" hits="2" signature="()V">
              <lines>
                <line number="17" hits="2"/>
              </lines>
            </method>
            <method name="(anonymous_3)" hits="0" signature="()V">
              <lines>
                <line number="31" hits="0"/>
              </lines>
            </method>
          </methods>
          <lines>
            <line number="12" hits="207" branch="false"/>
            <line number="14" hits="2000" branch="false"/>
            <line number="16" hits="2000" branch="false"/>
            <line number="17" hits="2000" branch="false"/>
            <line number="18" hits="2" branch="false"/>
            <line number="19" hits="2" branch="true" condition-coverage="50% (1/2)"/>
            <line number="21" hits="2000" branch="true" condition-coverage="50% (1/2)"/>
            <line number="23" hits="2000" branch="true" condition-coverage="100% (2/2)"/>
            <line number="24" hits="1998" branch="false"/>
            <line number="26" hits="2000" branch="false"/>
            <line number="28" hits="2000" branch="true" condition-coverage="50% (1/2)"/>
            <line number="31" hits="207" branch="false"/>
            <line number="32" hits="0" branch="true" condition-coverage="0% (0/2)"/>
            <line number="33" hits="0" branch="false"/>
            <line number="37" hits="207" branch="false"/>
          </lines>
        </class>
        <class name="events.ts" filename="static/js/libs/events.ts" line-rate="0.9117000000000001" branch-rate="0.6666">
          <methods>
            <method name="(anonymous_0)" hits="1" signature="()V">
              <lines>
                <line number="30" hits="1"/>
              </lines>
            </method>
            <method name="(anonymous_1)" hits="1" signature="()V">
              <lines>
                <line number="37" hits="1"/>
              </lines>
            </method>
            <method name="(anonymous_2)" hits="2" signature="()V">
              <lines>
                <line number="43" hits="2"/>
              </lines>
            </method>
            <method name="(anonymous_3)" hits="2" signature="()V">
              <lines>
                <line number="48" hits="2"/>
              </lines>
            </method>
            <method name="(anonymous_4)" hits="3" signature="()V">
              <lines>
                <line number="54" hits="3"/>
              </lines>
            </method>
            <method name="(anonymous_5)" hits="2" signature="()V">
              <lines>
                <line number="70" hits="2"/>
              </lines>
            </method>
            <method name="(anonymous_6)" hits="0" signature="()V">
              <lines>
                <line number="93" hits="0"/>
              </lines>
            </method>
            <method name="(anonymous_7)" hits="0" signature="()V">
              <lines>
                <line number="94" hits="0"/>
              </lines>
            </method>
            <method name="(anonymous_8)" hits="1" signature="()V">
              <lines>
                <line number="99" hits="1"/>
              </lines>
            </method>
            <method name="(anonymous_9)" hits="1" signature="()V">
              <lines>
                <line number="104" hits="1"/>
              </lines>
            </method>
            <method name="(anonymous_10)" hits="1" signature="()V">
              <lines>
                <line number="108" hits="1"/>
              </lines>
            </method>
          </methods>
          <lines>
            <line number="24" hits="1" branch="false"/>
            <line number="31" hits="1" branch="true" condition-coverage="100% (2/2)"/>
            <line number="32" hits="1" branch="false"/>
            <line number="33" hits="1" branch="false"/>
            <line number="34" hits="1" branch="false"/>
            <line number="42" hits="1" branch="true" condition-coverage="50% (1/2)"/>
            <line number="43" hits="1" branch="false"/>
            <line number="44" hits="2" branch="false"/>
            <line number="49" hits="2" branch="false"/>
            <line number="50" hits="2" branch="false"/>
            <line number="52" hits="2" branch="true" condition-coverage="50% (1/2)"/>
            <line number="54" hits="2" branch="false"/>
            <line number="56" hits="3" branch="true" condition-coverage="100% (2/2)"/>
            <line number="60" hits="3" branch="true" condition-coverage="50% (1/2)"/>
            <line number="61" hits="3" branch="true" condition-coverage="50% (2/4)"/>
            <line number="62" hits="0" branch="false"/>
            <line number="63" hits="3" branch="true" condition-coverage="50% (1/2)"/>
            <line number="64" hits="3" branch="false"/>
            <line number="75" hits="2" branch="true" condition-coverage="100% (2/2)"/>
            <line number="76" hits="1" branch="false"/>
            <line number="79" hits="2" branch="false"/>
            <line number="80" hits="2" branch="true" condition-coverage="50% (1/2)"/>
            <line number="81" hits="2" branch="false"/>
            <line number="87" hits="2" branch="true" condition-coverage="100% (2/2)"/>
            <line number="88" hits="1" branch="false"/>
            <line number="89" hits="1" branch="false"/>
            <line number="94" hits="0" branch="false"/>
            <line number="95" hits="0" branch="false"/>
            <line number="104" hits="1" branch="false"/>
            <line number="105" hits="1" branch="false"/>
            <line number="107" hits="1" branch="true" condition-coverage="50% (1/2)"/>
            <line number="108" hits="1" branch="false"/>
            <line number="109" hits="1" branch="false"/>
            <line number="110" hits="1" branch="false"/>
          </lines>
        </class>
        <class name="fileValidation.ts" filename="static/js/libs/fileValidation.ts" line-rate="0.9895" branch-rate="0.9125">
          <methods>
            <method name="baseRestrictions" hits="26" signature="()V">
              <lines>
                <line number="26" hits="26"/>
              </lines>
            </method>
            <method name="(anonymous_1)" hits="26" signature="()V">
              <lines>
                <line number="32" hits="26"/>
              </lines>
            </method>
            <method name="imageWhitelistHandler" hits="4" signature="()V">
              <lines>
                <line number="73" hits="4"/>
              </lines>
            </method>
            <method name="(anonymous_3)" hits="4" signature="()V">
              <lines>
                <line number="82" hits="4"/>
              </lines>
            </method>
            <method name="imageRestrictions" hits="21" signature="()V">
              <lines>
                <line number="109" hits="21"/>
              </lines>
            </method>
            <method name="(anonymous_5)" hits="21" signature="()V">
              <lines>
                <line number="113" hits="21"/>
              </lines>
            </method>
            <method name="(anonymous_6)" hits="20" signature="()V">
              <lines>
                <line number="122" hits="20"/>
              </lines>
            </method>
            <method name="validateRestrictions" hits="26" signature="()V">
              <lines>
                <line number="232" hits="26"/>
              </lines>
            </method>
            <method name="(anonymous_8)" hits="26" signature="()V">
              <lines>
                <line number="236" hits="26"/>
              </lines>
            </method>
            <method name="(anonymous_9)" hits="21" signature="()V">
              <lines>
                <line number="238" hits="21"/>
              </lines>
            </method>
            <method name="(anonymous_10)" hits="18" signature="()V">
              <lines>
                <line number="240" hits="18"/>
              </lines>
            </method>
          </methods>
          <lines>
            <line number="30" hits="26" branch="false"/>
            <line number="31" hits="26" branch="false"/>
            <line number="32" hits="26" branch="false"/>
            <line number="33" hits="26" branch="false"/>
            <line number="34" hits="26" branch="true" condition-coverage="100% (2/2)"/>
            <line number="35" hits="22" branch="true" condition-coverage="100% (2/2)"/>
            <line number="36" hits="1" branch="false"/>
            <line number="40" hits="26" branch="true" condition-coverage="100% (2/2)"/>
            <line number="41" hits="5" branch="true" condition-coverage="100% (4/4)"/>
            <line number="42" hits="2" branch="false"/>
            <line number="43" hits="2" branch="false"/>
            <line number="45" hits="2" branch="true" condition-coverage="100% (2/2)"/>
            <line number="46" hits="1" branch="false"/>
            <line number="48" hits="1" branch="false"/>
            <line number="50" hits="2" branch="false"/>
            <line number="52" hits="5" branch="true" condition-coverage="100% (4/4)"/>
            <line number="53" hits="2" branch="false"/>
            <line number="54" hits="2" branch="false"/>
            <line number="56" hits="2" branch="true" condition-coverage="100% (2/2)"/>
            <line number="57" hits="1" branch="false"/>
            <line number="59" hits="1" branch="false"/>
            <line number="61" hits="2" branch="false"/>
            <line number="65" hits="26" branch="true" condition-coverage="100% (2/2)"/>
            <line number="66" hits="5" branch="false"/>
            <line number="68" hits="21" branch="false"/>
            <line number="82" hits="4" branch="false"/>
            <line number="83" hits="4" branch="true" condition-coverage="50% (1/2)"/>
            <line number="84" hits="4" branch="false"/>
            <line number="85" hits="4" branch="false"/>
            <line number="86" hits="4" branch="true" condition-coverage="100% (2/2)"/>
            <line number="87" hits="1" branch="false"/>
            <line number="90" hits="3" branch="true" condition-coverage="50% (1/2)"/>
            <line number="91" hits="3" branch="true" condition-coverage="100% (2/2)"/>
            <line number="92" hits="1" branch="false"/>
            <line number="95" hits="2" branch="true" condition-coverage="50% (1/2)"/>
            <line number="96" hits="2" branch="true" condition-coverage="100% (2/2)"/>
            <line number="100" hits="1" branch="false"/>
            <line number="103" hits="1" branch="false"/>
            <line number="106" hits="4" branch="false"/>
            <line number="113" hits="21" branch="false"/>
            <line number="114" hits="21" branch="true" condition-coverage="100% (4/4)"/>
            <line number="115" hits="1" branch="false"/>
            <line number="116" hits="1" branch="false"/>
            <line number="119" hits="20" branch="false"/>
            <line number="120" hits="20" branch="false"/>
            <line number="122" hits="20" branch="false"/>
            <line number="123" hits="20" branch="false"/>
            <line number="124" hits="20" branch="false"/>
            <line number="126" hits="20" branch="true" condition-coverage="100% (2/2)"/>
            <line number="130" hits="1" branch="false"/>
            <line number="131" hits="1" branch="false"/>
            <line number="134" hits="19" branch="false"/>
            <line number="135" hits="19" branch="false"/>
            <line number="136" hits="19" branch="true" condition-coverage="100% (2/2)"/>
            <line number="137" hits="11" branch="true" condition-coverage="100% (2/2)"/>
            <line number="141" hits="4" branch="false"/>
            <line number="144" hits="19" branch="true" condition-coverage="100% (2/2)"/>
            <line number="145" hits="11" branch="true" condition-coverage="100% (2/2)"/>
            <line number="149" hits="4" branch="false"/>
            <line number="153" hits="19" branch="true" condition-coverage="100% (2/2)"/>
            <line number="154" hits="4" branch="false"/>
            <line number="157" hits="4" branch="false"/>
            <line number="160" hits="15" branch="false"/>
            <line number="161" hits="15" branch="true" condition-coverage="100% (2/2)"/>
            <line number="162" hits="13" branch="false"/>
            <line number="163" hits="13" branch="false"/>
            <line number="165" hits="13" branch="false"/>
            <line number="167" hits="13" branch="true" condition-coverage="50% (1/2)"/>
            <line number="168" hits="13" branch="false"/>
            <line number="170" hits="13" branch="true" condition-coverage="50% (1/2)"/>
            <line number="171" hits="13" branch="false"/>
            <line number="174" hits="13" branch="false"/>
            <line number="176" hits="13" branch="true" condition-coverage="100% (2/2)"/>
            <line number="181" hits="9" branch="false"/>
            <line number="184" hits="13" branch="true" condition-coverage="100% (2/2)"/>
            <line number="185" hits="9" branch="false"/>
            <line number="186" hits="9" branch="false"/>
            <line number="188" hits="9" branch="false"/>
            <line number="193" hits="9" branch="true" condition-coverage="100% (2/2)"/>
            <line number="194" hits="7" branch="false"/>
            <line number="198" hits="7" branch="false"/>
            <line number="200" hits="7" branch="true" condition-coverage="100% (2/2)"/>
            <line number="201" hits="6" branch="true" condition-coverage="50% (1/2)"/>
            <line number="202" hits="0" branch="false"/>
            <line number="206" hits="7" branch="false"/>
            <line number="208" hits="7" branch="false"/>
            <line number="216" hits="2" branch="false"/>
            <line number="221" hits="9" branch="false"/>
            <line number="222" hits="9" branch="false"/>
            <line number="225" hits="6" branch="false"/>
            <line number="228" hits="20" branch="false"/>
            <line number="236" hits="26" branch="false"/>
            <line number="237" hits="26" branch="false"/>
            <line number="238" hits="21" branch="false"/>
            <line number="242" hits="18" branch="false"/>
            <line number="243" hits="18" branch="false"/>
          </lines>
        </class>
        <class name="formHelpers.ts" filename="static/js/libs/formHelpers.ts" line-rate="1" branch-rate="1">
          <methods>
            <method name="buttonLoading" hits="1" signature="()V">
              <lines>
                <line number="1" hits="1"/>
              </lines>
            </method>
            <method name="buttonEnabled" hits="1" signature="()V">
              <lines>
                <line number="7" hits="1"/>
              </lines>
            </method>
            <method name="buttonDisable" hits="1" signature="()V">
              <lines>
                <line number="13" hits="1"/>
              </lines>
            </method>
          </methods>
          <lines>
            <line number="2" hits="1" branch="false"/>
            <line number="3" hits="1" branch="false"/>
            <line number="4" hits="1" branch="false"/>
            <line number="8" hits="1" branch="false"/>
            <line number="9" hits="1" branch="false"/>
            <line number="10" hits="1" branch="false"/>
            <line number="14" hits="1" branch="false"/>
            <line number="15" hits="1" branch="false"/>
          </lines>
        </class>
        <class name="iframeSize.ts" filename="static/js/libs/iframeSize.ts" line-rate="0.8181" branch-rate="0.5714">
          <methods>
            <method name="iframeSize" hits="1" signature="()V">
              <lines>
                <line number="1" hits="1"/>
              </lines>
            </method>
          </methods>
          <lines>
            <line number="2" hits="1" branch="false"/>
            <line number="3" hits="1" branch="true" condition-coverage="50% (1/2)"/>
            <line number="4" hits="0" branch="false"/>
            <line number="7" hits="1" branch="false"/>
            <line number="10" hits="1" branch="true" condition-coverage="60% (3/5)"/>
            <line number="11" hits="0" branch="false"/>
            <line number="14" hits="1" branch="false"/>
            <line number="16" hits="1" branch="false"/>
            <line number="17" hits="1" branch="false"/>
            <line number="19" hits="1" branch="false"/>
            <line number="20" hits="1" branch="false"/>
          </lines>
        </class>
        <class name="mobile.ts" filename="static/js/libs/mobile.ts" line-rate="1" branch-rate="1">
          <methods>
            <method name="isMobile" hits="6" signature="()V">
              <lines>
                <line number="1" hits="6"/>
              </lines>
            </method>
          </methods>
          <lines>
            <line number="3" hits="6" branch="false"/>
            <line number="8" hits="6" branch="false"/>
          </lines>
        </class>
        <class name="mouse.ts" filename="static/js/libs/mouse.ts" line-rate="1" branch-rate="1">
          <methods>
            <method name="(anonymous_0)" hits="1" signature="()V">
              <lines>
                <line number="3" hits="1"/>
              </lines>
            </method>
            <method name="(anonymous_1)" hits="1" signature="()V">
              <lines>
                <line number="9" hits="1"/>
              </lines>
            </method>
          </methods>
          <lines>
            <line number="4" hits="1" branch="false"/>
            <line number="6" hits="1" branch="false"/>
            <line number="10" hits="1" branch="false"/>
            <line number="17" hits="1" branch="false"/>
          </lines>
        </class>
        <class name="throttle.ts" filename="static/js/libs/throttle.ts" line-rate="1" branch-rate="1">
          <methods>
            <method name="throttle" hits="2" signature="()V">
              <lines>
                <line number="1" hits="2"/>
              </lines>
            </method>
            <method name="(anonymous_1)" hits="2" signature="()V">
              <lines>
                <line number="6" hits="2"/>
              </lines>
            </method>
          </methods>
          <lines>
            <line number="5" hits="2" branch="false"/>
            <line number="6" hits="2" branch="false"/>
            <line number="7" hits="2" branch="true" condition-coverage="100% (2/2)"/>
            <line number="8" hits="1" branch="false"/>
            <line number="9" hits="1" branch="false"/>
          </lines>
        </class>
      </classes>
    </package>
    <package name="public" line-rate="0.2162" branch-rate="0.13720000000000002">
      <classes>
        <class name="accordion.ts" filename="static/js/public/accordion.ts" line-rate="0.7631" branch-rate="0.5">
          <methods>
            <method name="(anonymous_0)" hits="8" signature="()V">
              <lines>
                <line number="4" hits="8"/>
              </lines>
            </method>
            <method name="initAccordion" hits="3" signature="()V">
              <lines>
                <line number="11" hits="3"/>
              </lines>
            </method>
            <method name="(anonymous_2)" hits="2" signature="()V">
              <lines>
                <line number="19" hits="2"/>
              </lines>
            </method>
            <method name="(anonymous_3)" hits="2" signature="()V">
              <lines>
                <line number="30" hits="2"/>
              </lines>
            </method>
            <method name="(anonymous_4)" hits="0" signature="()V">
              <lines>
                <line number="43" hits="0"/>
              </lines>
            </method>
            <method name="(anonymous_5)" hits="0" signature="()V">
              <lines>
                <line number="44" hits="0"/>
              </lines>
            </method>
            <method name="initAccordionButtons" hits="2" signature="()V">
              <lines>
                <line number="70" hits="2"/>
              </lines>
            </method>
            <method name="(anonymous_7)" hits="2" signature="()V">
              <lines>
                <line number="71" hits="2"/>
              </lines>
            </method>
          </methods>
          <lines>
            <line number="4" hits="2" branch="false"/>
            <line number="5" hits="8" branch="false"/>
            <line number="6" hits="8" branch="false"/>
            <line number="7" hits="8" branch="false"/>
            <line number="8" hits="8" branch="true" condition-coverage="100% (2/2)"/>
            <line number="16" hits="3" branch="false"/>
            <line number="19" hits="3" branch="false"/>
            <line number="20" hits="2" branch="false"/>
            <line number="21" hits="2" branch="false"/>
            <line number="24" hits="2" branch="true" condition-coverage="75% (3/4)"/>
            <line number="26" hits="2" branch="false"/>
            <line number="27" hits="2" branch="false"/>
            <line number="30" hits="2" branch="false"/>
            <line number="31" hits="2" branch="false"/>
            <line number="34" hits="2" branch="false"/>
            <line number="39" hits="3" branch="false"/>
            <line number="42" hits="3" branch="true" condition-coverage="50% (1/2)"/>
            <line number="43" hits="3" branch="false"/>
            <line number="44" hits="0" branch="false"/>
            <line number="45" hits="0" branch="false"/>
            <line number="47" hits="0" branch="false"/>
            <line number="50" hits="0" branch="false"/>
            <line number="53" hits="0" branch="false"/>
            <line number="54" hits="0" branch="false"/>
            <line number="58" hits="0" branch="true" condition-coverage="0% (0/4)"/>
            <line number="59" hits="0" branch="false"/>
            <line number="60" hits="0" branch="false"/>
            <line number="71" hits="2" branch="false"/>
            <line number="72" hits="2" branch="false"/>
            <line number="74" hits="2" branch="false"/>
            <line number="77" hits="2" branch="false"/>
            <line number="80" hits="2" branch="false"/>
            <line number="81" hits="2" branch="false"/>
            <line number="82" hits="2" branch="false"/>
            <line number="86" hits="2" branch="false"/>
            <line number="87" hits="2" branch="true" condition-coverage="50% (1/2)"/>
            <line number="88" hits="2" branch="false"/>
            <line number="90" hits="2" branch="false"/>
          </lines>
        </class>
        <class name="first-snap-flow.ts" filename="static/js/public/first-snap-flow.ts" line-rate="0.1032" branch-rate="0.0795">
          <methods>
            <method name="install" hits="0" signature="()V">
              <lines>
                <line number="6" hits="0"/>
              </lines>
            </method>
            <method name="select" hits="0" signature="()V">
              <lines>
                <line number="14" hits="0"/>
              </lines>
            </method>
            <method name="(anonymous_2)" hits="0" signature="()V">
              <lines>
                <line number="16" hits="0"/>
              </lines>
            </method>
            <method name="(anonymous_3)" hits="0" signature="()V">
              <lines>
                <line number="43" hits="0"/>
              </lines>
            </method>
            <method name="(anonymous_4)" hits="0" signature="()V">
              <lines>
                <line number="48" hits="0"/>
              </lines>
            </method>
            <method name="(anonymous_5)" hits="0" signature="()V">
              <lines>
                <line number="55" hits="0"/>
              </lines>
            </method>
            <method name="onChange" hits="0" signature="()V">
              <lines>
                <line number="70" hits="0"/>
              </lines>
            </method>
            <method name="(anonymous_7)" hits="0" signature="()V">
              <lines>
                <line number="84" hits="0"/>
              </lines>
            </method>
            <method name="(anonymous_8)" hits="0" signature="()V">
              <lines>
                <line number="87" hits="0"/>
              </lines>
            </method>
            <method name="getSnapCount" hits="0" signature="()V">
              <lines>
                <line number="110" hits="0"/>
              </lines>
            </method>
            <method name="(anonymous_10)" hits="0" signature="()V">
              <lines>
                <line number="114" hits="0"/>
              </lines>
            </method>
            <method name="(anonymous_11)" hits="0" signature="()V">
              <lines>
                <line number="115" hits="0"/>
              </lines>
            </method>
            <method name="getArrayDiff" hits="0" signature="()V">
              <lines>
                <line number="121" hits="0"/>
              </lines>
            </method>
            <method name="(anonymous_13)" hits="0" signature="()V">
              <lines>
                <line number="138" hits="0"/>
              </lines>
            </method>
            <method name="push" hits="0" signature="()V">
              <lines>
                <line number="147" hits="0"/>
              </lines>
            </method>
            <method name="(anonymous_15)" hits="0" signature="()V">
              <lines>
                <line number="153" hits="0"/>
              </lines>
            </method>
            <method name="(anonymous_16)" hits="0" signature="()V">
              <lines>
                <line number="159" hits="0"/>
              </lines>
            </method>
            <method name="(anonymous_17)" hits="0" signature="()V">
              <lines>
                <line number="190" hits="0"/>
              </lines>
            </method>
            <method name="updateNotification" hits="0" signature="()V">
              <lines>
                <line number="213" hits="0"/>
              </lines>
            </method>
            <method name="successNotification" hits="0" signature="()V">
              <lines>
                <line number="230" hits="0"/>
              </lines>
            </method>
            <method name="errorNotification" hits="0" signature="()V">
              <lines>
                <line number="240" hits="0"/>
              </lines>
            </method>
            <method name="validateSnapName" hits="2" signature="()V">
              <lines>
                <line number="250" hits="2"/>
              </lines>
            </method>
            <method name="initChooseName" hits="3" signature="()V">
              <lines>
                <line number="254" hits="3"/>
              </lines>
            </method>
            <method name="(anonymous_23)" hits="2" signature="()V">
              <lines>
                <line number="265" hits="2"/>
              </lines>
            </method>
            <method name="(anonymous_24)" hits="1" signature="()V">
              <lines>
                <line number="292" hits="1"/>
              </lines>
            </method>
            <method name="initRegisterName" hits="0" signature="()V">
              <lines>
                <line number="301" hits="0"/>
              </lines>
            </method>
            <method name="(anonymous_26)" hits="0" signature="()V">
              <lines>
                <line number="310" hits="0"/>
              </lines>
            </method>
            <method name="showSuccess" hits="0" signature="()V">
              <lines>
                <line number="331" hits="0"/>
              </lines>
            </method>
            <method name="showError" hits="0" signature="()V">
              <lines>
                <line number="336" hits="0"/>
              </lines>
            </method>
            <method name="(anonymous_29)" hits="0" signature="()V">
              <lines>
                <line number="340" hits="0"/>
              </lines>
            </method>
            <method name="(anonymous_30)" hits="0" signature="()V">
              <lines>
                <line number="358" hits="0"/>
              </lines>
            </method>
            <method name="(anonymous_31)" hits="0" signature="()V">
              <lines>
                <line number="366" hits="0"/>
              </lines>
            </method>
            <method name="(anonymous_32)" hits="0" signature="()V">
              <lines>
                <line number="381" hits="0"/>
              </lines>
            </method>
            <method name="(anonymous_33)" hits="0" signature="()V">
              <lines>
                <line number="392" hits="0"/>
              </lines>
            </method>
            <method name="(anonymous_34)" hits="0" signature="()V">
              <lines>
                <line number="393" hits="0"/>
              </lines>
            </method>
            <method name="(anonymous_35)" hits="0" signature="()V">
              <lines>
                <line number="413" hits="0"/>
              </lines>
            </method>
          </methods>
          <lines>
            <line number="7" hits="0" branch="false"/>
            <line number="10" hits="0" branch="false"/>
            <line number="15" hits="0" branch="true" condition-coverage="0% (0/2)"/>
            <line number="16" hits="0" branch="false"/>
            <line number="17" hits="0" branch="false"/>
            <line number="20" hits="0" branch="false"/>
            <line number="21" hits="0" branch="true" condition-coverage="0% (0/2)"/>
            <line number="22" hits="0" branch="false"/>
            <line number="25" hits="0" branch="true" condition-coverage="0% (0/2)"/>
            <line number="26" hits="0" branch="false"/>
            <line number="29" hits="0" branch="true" condition-coverage="0% (0/2)"/>
            <line number="30" hits="0" branch="false"/>
            <line number="31" hits="0" branch="false"/>
            <line number="37" hits="0" branch="true" condition-coverage="0% (0/2)"/>
            <line number="38" hits="0" branch="false"/>
            <line number="39" hits="0" branch="false"/>
            <line number="40" hits="0" branch="false"/>
            <line number="41" hits="0" branch="true" condition-coverage="0% (0/4)"/>
            <line number="43" hits="0" branch="false"/>
            <line number="44" hits="0" branch="true" condition-coverage="0% (0/2)"/>
            <line number="45" hits="0" branch="false"/>
            <line number="48" hits="0" branch="false"/>
            <line number="49" hits="0" branch="false"/>
            <line number="50" hits="0" branch="false"/>
            <line number="51" hits="0" branch="true" condition-coverage="0% (0/2)"/>
            <line number="52" hits="0" branch="false"/>
            <line number="55" hits="0" branch="false"/>
            <line number="56" hits="0" branch="false"/>
            <line number="58" hits="0" branch="false"/>
            <line number="59" hits="0" branch="true" condition-coverage="0% (0/4)"/>
            <line number="60" hits="0" branch="false"/>
            <line number="65" hits="0" branch="true" condition-coverage="0% (0/2)"/>
            <line number="66" hits="0" branch="false"/>
            <line number="71" hits="0" branch="false"/>
            <line number="72" hits="0" branch="false"/>
            <line number="73" hits="0" branch="false"/>
            <line number="74" hits="0" branch="false"/>
            <line number="75" hits="0" branch="false"/>
            <line number="79" hits="0" branch="true" condition-coverage="0% (0/4)"/>
            <line number="80" hits="0" branch="false"/>
            <line number="83" hits="0" branch="true" condition-coverage="0% (0/2)"/>
            <line number="84" hits="0" branch="false"/>
            <line number="85" hits="0" branch="false"/>
            <line number="86" hits="0" branch="true" condition-coverage="0% (0/2)"/>
            <line number="87" hits="0" branch="false"/>
            <line number="88" hits="0" branch="false"/>
            <line number="94" hits="0" branch="false"/>
            <line number="95" hits="0" branch="false"/>
            <line number="97" hits="0" branch="false"/>
            <line number="100" hits="0" branch="true" condition-coverage="0% (0/2)"/>
            <line number="101" hits="0" branch="false"/>
            <line number="102" hits="0" branch="false"/>
            <line number="103" hits="0" branch="false"/>
            <line number="107" hits="0" branch="false"/>
            <line number="113" hits="0" branch="false"/>
            <line number="114" hits="0" branch="false"/>
            <line number="116" hits="0" branch="false"/>
            <line number="124" hits="0" branch="true" condition-coverage="0% (0/2)"/>
            <line number="125" hits="0" branch="false"/>
            <line number="128" hits="0" branch="true" condition-coverage="0% (0/2)"/>
            <line number="129" hits="0" branch="false"/>
            <line number="130" hits="0" branch="false"/>
            <line number="132" hits="0" branch="false"/>
            <line number="133" hits="0" branch="false"/>
            <line number="136" hits="0" branch="false"/>
            <line number="138" hits="0" branch="false"/>
            <line number="139" hits="0" branch="true" condition-coverage="0% (0/2)"/>
            <line number="140" hits="0" branch="false"/>
            <line number="144" hits="0" branch="false"/>
            <line number="148" hits="0" branch="false"/>
            <line number="149" hits="0" branch="false"/>
            <line number="151" hits="0" branch="false"/>
            <line number="153" hits="0" branch="false"/>
            <line number="157" hits="0" branch="false"/>
            <line number="159" hits="0" branch="false"/>
            <line number="160" hits="0" branch="true" condition-coverage="0% (0/2)"/>
            <line number="161" hits="0" branch="false"/>
            <line number="162" hits="0" branch="false"/>
            <line number="163" hits="0" branch="true" condition-coverage="0% (0/2)"/>
            <line number="164" hits="0" branch="false"/>
            <line number="167" hits="0" branch="true" condition-coverage="0% (0/4)"/>
            <line number="169" hits="0" branch="false"/>
            <line number="178" hits="0" branch="false"/>
            <line number="180" hits="0" branch="false"/>
            <line number="184" hits="0" branch="true" condition-coverage="0% (0/2)"/>
            <line number="186" hits="0" branch="false"/>
            <line number="190" hits="0" branch="false"/>
            <line number="192" hits="0" branch="false"/>
            <line number="195" hits="0" branch="true" condition-coverage="0% (0/2)"/>
            <line number="196" hits="0" branch="false"/>
            <line number="197" hits="0" branch="false"/>
            <line number="198" hits="0" branch="false"/>
            <line number="199" hits="0" branch="false"/>
            <line number="200" hits="0" branch="false"/>
            <line number="203" hits="0" branch="false"/>
            <line number="206" hits="0" branch="true" condition-coverage="0% (0/2)"/>
            <line number="207" hits="0" branch="false"/>
            <line number="208" hits="0" branch="false"/>
            <line number="221" hits="0" branch="false"/>
            <line number="222" hits="0" branch="true" condition-coverage="0% (0/2)"/>
            <line number="223" hits="0" branch="false"/>
            <line number="224" hits="0" branch="true" condition-coverage="0% (0/2)"/>
            <line number="225" hits="0" branch="false"/>
            <line number="237" hits="0" branch="false"/>
            <line number="247" hits="0" branch="false"/>
            <line number="251" hits="2" branch="true" condition-coverage="100% (2/2)"/>
            <line number="261" hits="3" branch="false"/>
            <line number="265" hits="3" branch="false"/>
            <line number="266" hits="2" branch="false"/>
            <line number="268" hits="2" branch="false"/>
            <line number="269" hits="2" branch="true" condition-coverage="50% (1/2)"/>
            <line number="270" hits="2" branch="true" condition-coverage="100% (2/2)"/>
            <line number="271" hits="1" branch="false"/>
            <line number="273" hits="1" branch="false"/>
            <line number="276" hits="1" branch="true" condition-coverage="50% (1/2)"/>
            <line number="277" hits="1" branch="false"/>
            <line number="280" hits="1" branch="false"/>
            <line number="282" hits="1" branch="false"/>
            <line number="285" hits="1" branch="true" condition-coverage="50% (1/2)"/>
            <line number="286" hits="1" branch="false"/>
            <line number="292" hits="3" branch="false"/>
            <line number="293" hits="1" branch="false"/>
            <line number="296" hits="1" branch="false"/>
            <line number="297" hits="1" branch="false"/>
            <line number="306" hits="0" branch="false"/>
            <line number="310" hits="0" branch="false"/>
            <line number="311" hits="0" branch="true" condition-coverage="0% (0/2)"/>
            <line number="312" hits="0" branch="false"/>
            <line number="315" hits="0" branch="false"/>
            <line number="317" hits="0" branch="false"/>
            <line number="318" hits="0" branch="false"/>
            <line number="320" hits="0" branch="true" condition-coverage="0% (0/2)"/>
            <line number="321" hits="0" branch="true" condition-coverage="0% (0/2)"/>
            <line number="322" hits="0" branch="false"/>
            <line number="323" hits="0" branch="false"/>
            <line number="325" hits="0" branch="false"/>
            <line number="326" hits="0" branch="false"/>
            <line number="332" hits="0" branch="false"/>
            <line number="333" hits="0" branch="false"/>
            <line number="337" hits="0" branch="false"/>
            <line number="340" hits="0" branch="false"/>
            <line number="341" hits="0" branch="false"/>
            <line number="342" hits="0" branch="false"/>
            <line number="343" hits="0" branch="false"/>
            <line number="347" hits="0" branch="false"/>
            <line number="350" hits="0" branch="false"/>
            <line number="353" hits="0" branch="false"/>
            <line number="354" hits="0" branch="false"/>
            <line number="358" hits="0" branch="false"/>
            <line number="359" hits="0" branch="true" condition-coverage="0% (0/2)"/>
            <line number="360" hits="0" branch="false"/>
            <line number="361" hits="0" branch="false"/>
            <line number="366" hits="0" branch="false"/>
            <line number="367" hits="0" branch="false"/>
            <line number="370" hits="0" branch="false"/>
            <line number="371" hits="0" branch="false"/>
            <line number="374" hits="0" branch="true" condition-coverage="0% (0/2)"/>
            <line number="375" hits="0" branch="false"/>
            <line number="376" hits="0" branch="false"/>
            <line number="381" hits="0" branch="false"/>
            <line number="382" hits="0" branch="true" condition-coverage="0% (0/2)"/>
            <line number="383" hits="0" branch="false"/>
            <line number="384" hits="0" branch="false"/>
            <line number="388" hits="0" branch="false"/>
            <line number="392" hits="0" branch="false"/>
            <line number="394" hits="0" branch="false"/>
            <line number="396" hits="0" branch="true" condition-coverage="0% (0/2)"/>
            <line number="397" hits="0" branch="false"/>
            <line number="398" hits="0" branch="false"/>
            <line number="399" hits="0" branch="false"/>
            <line number="400" hits="0" branch="true" condition-coverage="0% (0/2)"/>
            <line number="401" hits="0" branch="false"/>
            <line number="402" hits="0" branch="true" condition-coverage="0% (0/2)"/>
            <line number="403" hits="0" branch="false"/>
            <line number="406" hits="0" branch="false"/>
            <line number="407" hits="0" branch="false"/>
            <line number="409" hits="0" branch="false"/>
            <line number="410" hits="0" branch="false"/>
            <line number="411" hits="0" branch="false"/>
            <line number="414" hits="0" branch="false"/>
            <line number="415" hits="0" branch="true" condition-coverage="0% (0/2)"/>
            <line number="416" hits="0" branch="false"/>
            <line number="417" hits="0" branch="false"/>
            <line number="419" hits="0" branch="false"/>
          </lines>
        </class>
      </classes>
    </package>
    <package name="public.snap-details" line-rate="0.6818000000000001" branch-rate="0.5">
      <classes>
        <class name="map.ts" filename="static/js/public/snap-details/map.ts" line-rate="0.6818000000000001" branch-rate="0.5">
          <methods>
            <method name="renderMap" hits="4" signature="()V">
              <lines>
                <line number="12" hits="4"/>
              </lines>
            </method>
            <method name="(anonymous_1)" hits="0" signature="()V">
              <lines>
                <line number="21" hits="0"/>
              </lines>
            </method>
            <method name="render" hits="4" signature="()V">
              <lines>
                <line number="25" hits="4"/>
              </lines>
            </method>
            <method name="(anonymous_3)" hits="708" signature="()V">
              <lines>
                <line number="80" hits="708"/>
              </lines>
            </method>
            <method name="(anonymous_4)" hits="708" signature="()V">
              <lines>
                <line number="90" hits="708"/>
              </lines>
            </method>
            <method name="(anonymous_5)" hits="708" signature="()V">
              <lines>
                <line number="109" hits="708"/>
              </lines>
            </method>
            <method name="(anonymous_6)" hits="708" signature="()V">
              <lines>
                <line number="112" hits="708"/>
              </lines>
            </method>
            <method name="(anonymous_7)" hits="0" signature="()V">
              <lines>
                <line number="116" hits="0"/>
              </lines>
            </method>
            <method name="(anonymous_8)" hits="0" signature="()V">
              <lines>
                <line number="144" hits="0"/>
              </lines>
            </method>
            <method name="(anonymous_9)" hits="2408" signature="()V">
              <lines>
                <line number="151" hits="2408"/>
              </lines>
            </method>
            <method name="ready" hits="4" signature="()V">
              <lines>
                <line number="159" hits="4"/>
              </lines>
            </method>
            <method name="(anonymous_11)" hits="0" signature="()V">
              <lines>
                <line number="164" hits="0"/>
              </lines>
            </method>
            <method name="(anonymous_12)" hits="0" signature="()V">
              <lines>
                <line number="166" hits="0"/>
              </lines>
            </method>
          </methods>
          <lines>
            <line number="16" hits="4" branch="false"/>
            <line number="18" hits="4" branch="false"/>
            <line number="22" hits="0" branch="false"/>
            <line number="30" hits="4" branch="false"/>
            <line number="31" hits="4" branch="false"/>
            <line number="33" hits="4" branch="false"/>
            <line number="35" hits="4" branch="false"/>
            <line number="41" hits="4" branch="false"/>
            <line number="43" hits="4" branch="false"/>
            <line number="46" hits="4" branch="false"/>
            <line number="48" hits="4" branch="false"/>
            <line number="50" hits="4" branch="false"/>
            <line number="54" hits="4" branch="false"/>
            <line number="59" hits="4" branch="false"/>
            <line number="61" hits="4" branch="false"/>
            <line number="75" hits="4" branch="false"/>
            <line number="77" hits="4" branch="false"/>
            <line number="81" hits="708" branch="false"/>
            <line number="83" hits="708" branch="true" condition-coverage="100% (2/2)"/>
            <line number="84" hits="4" branch="false"/>
            <line number="87" hits="704" branch="false"/>
            <line number="91" hits="708" branch="false"/>
            <line number="93" hits="708" branch="true" condition-coverage="100% (2/2)"/>
            <line number="94" hits="4" branch="true" condition-coverage="50% (1/2)"/>
            <line number="95" hits="4" branch="false"/>
            <line number="110" hits="708" branch="false"/>
            <line number="114" hits="708" branch="false"/>
            <line number="117" hits="0" branch="false"/>
            <line number="118" hits="0" branch="false"/>
            <line number="120" hits="0" branch="true" condition-coverage="0% (0/2)"/>
            <line number="121" hits="0" branch="false"/>
            <line number="126" hits="0" branch="false"/>
            <line number="130" hits="0" branch="true" condition-coverage="0% (0/2)"/>
            <line number="131" hits="0" branch="false"/>
            <line number="133" hits="0" branch="false"/>
            <line number="134" hits="0" branch="false"/>
            <line number="145" hits="0" branch="false"/>
            <line number="148" hits="4" branch="false"/>
            <line number="152" hits="2408" branch="false"/>
            <line number="160" hits="4" branch="false"/>
            <line number="164" hits="4" branch="false"/>
            <line number="165" hits="0" branch="false"/>
            <line number="166" hits="0" branch="false"/>
            <line number="167" hits="0" branch="false"/>
          </lines>
        </class>
      </classes>
    </package>
    <package name="publisher.components.EmptySnapList" line-rate="1" branch-rate="1">
      <classes>
        <class name="EmptySnapList.tsx" filename="static/js/publisher/components/EmptySnapList/EmptySnapList.tsx" line-rate="1" branch-rate="1">
          <methods>
            <method name="EmptySnapList" hits="1" signature="()V">
              <lines>
                <line number="3" hits="1"/>
              </lines>
            </method>
          </methods>
          <lines>
            <line number="4" hits="1" branch="false"/>
          </lines>
        </class>
        <class name="index.ts" filename="static/js/publisher/components/EmptySnapList/index.ts" line-rate="1" branch-rate="1">
          <methods>
          </methods>
          <lines>
          </lines>
        </class>
      </classes>
    </package>
    <package name="publisher.components.Filter" line-rate="0.5" branch-rate="0.5">
      <classes>
        <class name="Filter.tsx" filename="static/js/publisher/components/Filter/Filter.tsx" line-rate="0.5" branch-rate="0.5">
          <methods>
            <method name="Filter" hits="19" signature="()V">
              <lines>
                <line number="13" hits="19"/>
              </lines>
            </method>
            <method name="(anonymous_1)" hits="0" signature="()V">
              <lines>
                <line number="31" hits="0"/>
              </lines>
            </method>
            <method name="(anonymous_2)" hits="1" signature="()V">
              <lines>
                <line number="44" hits="1"/>
              </lines>
            </method>
          </methods>
          <lines>
            <line number="14" hits="19" branch="false"/>
            <line number="15" hits="19" branch="false"/>
            <line number="17" hits="19" branch="false"/>
            <line number="32" hits="0" branch="true" condition-coverage="0% (0/2)"/>
            <line number="33" hits="0" branch="false"/>
            <line number="34" hits="0" branch="false"/>
            <line number="36" hits="0" branch="false"/>
            <line number="37" hits="0" branch="false"/>
            <line number="45" hits="1" branch="false"/>
            <line number="46" hits="1" branch="false"/>
          </lines>
        </class>
        <class name="index.ts" filename="static/js/publisher/components/Filter/index.ts" line-rate="1" branch-rate="1">
          <methods>
          </methods>
          <lines>
          </lines>
        </class>
      </classes>
    </package>
    <package name="publisher.components.Loader" line-rate="1" branch-rate="1">
      <classes>
        <class name="Loader.tsx" filename="static/js/publisher/components/Loader/Loader.tsx" line-rate="1" branch-rate="1">
          <methods>
            <method name="Loader" hits="13" signature="()V">
              <lines>
                <line number="3" hits="13"/>
              </lines>
            </method>
          </methods>
          <lines>
            <line number="4" hits="13" branch="false"/>
          </lines>
        </class>
        <class name="index.ts" filename="static/js/publisher/components/Loader/index.ts" line-rate="1" branch-rate="1">
          <methods>
          </methods>
          <lines>
          </lines>
        </class>
      </classes>
    </package>
    <package name="publisher.components.NewSnapNotification" line-rate="1" branch-rate="1">
      <classes>
        <class name="NewSnapNotification.tsx" filename="static/js/publisher/components/NewSnapNotification/NewSnapNotification.tsx" line-rate="1" branch-rate="1">
          <methods>
            <method name="NewSnapNotification" hits="2" signature="()V">
              <lines>
                <line number="5" hits="2"/>
              </lines>
            </method>
          </methods>
          <lines>
            <line number="6" hits="2" branch="false"/>
            <line number="7" hits="2" branch="false"/>
            <line number="9" hits="2" branch="true" condition-coverage="100% (2/2)"/>
            <line number="13" hits="2" branch="false"/>
          </lines>
        </class>
        <class name="index.ts" filename="static/js/publisher/components/NewSnapNotification/index.ts" line-rate="1" branch-rate="1">
          <methods>
          </methods>
          <lines>
          </lines>
        </class>
      </classes>
    </package>
    <package name="publisher.components.PublishedSnapList" line-rate="1" branch-rate="0.8518000000000001">
      <classes>
        <class name="PublishedSnapList.tsx" filename="static/js/publisher/components/PublishedSnapList/PublishedSnapList.tsx" line-rate="1" branch-rate="0.9129999999999999">
          <methods>
            <method name="PublishedSnapList" hits="9" signature="()V">
              <lines>
                <line number="10" hits="9"/>
              </lines>
            </method>
            <method name="(anonymous_1)" hits="8" signature="()V">
              <lines>
                <line number="26" hits="8"/>
              </lines>
            </method>
            <method name="(anonymous_2)" hits="30" signature="()V">
              <lines>
                <line number="27" hits="30"/>
              </lines>
            </method>
            <method name="(anonymous_3)" hits="1" signature="()V">
              <lines>
                <line number="123" hits="1"/>
              </lines>
            </method>
          </methods>
          <lines>
            <line number="24" hits="9" branch="true" condition-coverage="100% (3/3)"/>
            <line number="26" hits="9" branch="false"/>
            <line number="27" hits="30" branch="false"/>
            <line number="79" hits="9" branch="true" condition-coverage="100% (2/2)"/>
            <line number="81" hits="9" branch="false"/>
            <line number="124" hits="1" branch="false"/>
          </lines>
        </class>
        <class name="SnapNameEntry.tsx" filename="static/js/publisher/components/PublishedSnapList/SnapNameEntry.tsx" line-rate="1" branch-rate="0.5">
          <methods>
            <method name="SnapNameEntry" hits="30" signature="()V">
              <lines>
                <line number="6" hits="30"/>
              </lines>
            </method>
          </methods>
          <lines>
            <line number="7" hits="30" branch="false"/>
            <line number="8" hits="30" branch="false"/>
          </lines>
        </class>
        <class name="index.ts" filename="static/js/publisher/components/PublishedSnapList/index.ts" line-rate="1" branch-rate="1">
          <methods>
          </methods>
          <lines>
          </lines>
        </class>
      </classes>
    </package>
    <package name="publisher.components.PublishedSnapSection" line-rate="1" branch-rate="1">
      <classes>
        <class name="PublishedSnapSection.tsx" filename="static/js/publisher/components/PublishedSnapSection/PublishedSnapSection.tsx" line-rate="1" branch-rate="1">
          <methods>
            <method name="PublishedSnapSection" hits="4" signature="()V">
              <lines>
                <line number="10" hits="4"/>
              </lines>
            </method>
          </methods>
          <lines>
            <line number="17" hits="4" branch="false"/>
            <line number="19" hits="4" branch="false"/>
            <line number="20" hits="4" branch="false"/>
            <line number="25" hits="4" branch="false"/>
          </lines>
        </class>
        <class name="index.ts" filename="static/js/publisher/components/PublishedSnapSection/index.ts" line-rate="1" branch-rate="1">
          <methods>
          </methods>
          <lines>
          </lines>
        </class>
      </classes>
    </package>
    <package name="publisher.components.PublisherMetrics" line-rate="0.625" branch-rate="0.5384">
      <classes>
        <class name="PublisherMetrics.tsx" filename="static/js/publisher/components/PublisherMetrics/PublisherMetrics.tsx" line-rate="0.625" branch-rate="0.5384">
          <methods>
            <method name="PublisherMetrics" hits="3" signature="()V">
              <lines>
                <line number="8" hits="3"/>
              </lines>
            </method>
            <method name="(anonymous_1)" hits="2" signature="()V">
              <lines>
                <line number="11" hits="2"/>
              </lines>
            </method>
            <method name="(anonymous_2)" hits="0" signature="()V">
              <lines>
                <line number="44" hits="0"/>
              </lines>
            </method>
            <method name="(anonymous_3)" hits="0" signature="()V">
              <lines>
                <line number="45" hits="0"/>
              </lines>
            </method>
          </methods>
          <lines>
            <line number="9" hits="3" branch="false"/>
            <line number="11" hits="3" branch="false"/>
            <line number="12" hits="2" branch="true" condition-coverage="50% (1/2)"/>
            <line number="13" hits="0" branch="false"/>
            <line number="20" hits="3" branch="true" condition-coverage="50% (1/2)"/>
            <line number="21" hits="3" branch="false"/>
            <line number="44" hits="0" branch="false"/>
            <line number="45" hits="0" branch="false"/>
          </lines>
        </class>
        <class name="index.ts" filename="static/js/publisher/components/PublisherMetrics/index.ts" line-rate="1" branch-rate="1">
          <methods>
          </methods>
          <lines>
          </lines>
        </class>
      </classes>
    </package>
    <package name="publisher.components.RegisteredSnaps" line-rate="0.4583" branch-rate="0.6666">
      <classes>
        <class name="RegisteredSnaps.tsx" filename="static/js/publisher/components/RegisteredSnaps/RegisteredSnaps.tsx" line-rate="0.4583" branch-rate="0.6666">
          <methods>
            <method name="RegisteredSnaps" hits="6" signature="()V">
              <lines>
                <line number="15" hits="6"/>
              </lines>
            </method>
            <method name="(anonymous_1)" hits="0" signature="()V">
              <lines>
                <line number="30" hits="0"/>
              </lines>
            </method>
            <method name="(anonymous_2)" hits="6" signature="()V">
              <lines>
                <line number="34" hits="6"/>
              </lines>
            </method>
            <method name="(anonymous_3)" hits="34" signature="()V">
              <lines>
                <line number="35" hits="34"/>
              </lines>
            </method>
            <method name="(anonymous_4)" hits="0" signature="()V">
              <lines>
                <line number="68" hits="0"/>
              </lines>
            </method>
            <method name="(anonymous_5)" hits="0" signature="()V">
              <lines>
                <line number="107" hits="0"/>
              </lines>
            </method>
            <method name="(anonymous_6)" hits="0" signature="()V">
              <lines>
                <line number="142" hits="0"/>
              </lines>
            </method>
          </methods>
          <lines>
            <line number="24" hits="6" branch="false"/>
            <line number="27" hits="6" branch="false"/>
            <line number="28" hits="6" branch="false"/>
            <line number="30" hits="6" branch="false"/>
            <line number="31" hits="0" branch="false"/>
            <line number="34" hits="6" branch="false"/>
            <line number="35" hits="6" branch="false"/>
            <line number="36" hits="34" branch="false"/>
            <line number="37" hits="34" branch="false"/>
            <line number="39" hits="34" branch="false"/>
            <line number="69" hits="0" branch="false"/>
            <line number="107" hits="6" branch="false"/>
            <line number="108" hits="0" branch="false"/>
            <line number="109" hits="0" branch="false"/>
            <line number="110" hits="0" branch="false"/>
            <line number="111" hits="0" branch="false"/>
            <line number="118" hits="0" branch="true" condition-coverage="0% (0/2)"/>
            <line number="119" hits="0" branch="false"/>
            <line number="121" hits="0" branch="false"/>
            <line number="124" hits="0" branch="false"/>
            <line number="126" hits="0" branch="false"/>
            <line number="127" hits="0" branch="false"/>
            <line number="131" hits="6" branch="false"/>
            <line number="143" hits="0" branch="false"/>
          </lines>
        </class>
        <class name="index.ts" filename="static/js/publisher/components/RegisteredSnaps/index.ts" line-rate="1" branch-rate="1">
          <methods>
          </methods>
          <lines>
          </lines>
        </class>
      </classes>
    </package>
    <package name="publisher.components.SaveAndPreview" line-rate="0.75" branch-rate="0.875">
      <classes>
        <class name="SaveAndPreview.tsx" filename="static/js/publisher/components/SaveAndPreview/SaveAndPreview.tsx" line-rate="0.75" branch-rate="0.875">
          <methods>
            <method name="SaveAndPreview" hits="166" signature="()V">
              <lines>
                <line number="15" hits="166"/>
              </lines>
            </method>
            <method name="(anonymous_1)" hits="0" signature="()V">
              <lines>
                <line number="25" hits="0"/>
              </lines>
            </method>
            <method name="(anonymous_2)" hits="1" signature="()V">
              <lines>
                <line number="73" hits="1"/>
              </lines>
            </method>
          </methods>
          <lines>
            <line number="22" hits="166" branch="false"/>
            <line number="23" hits="166" branch="false"/>
            <line number="25" hits="166" branch="false"/>
            <line number="26" hits="0" branch="false"/>
            <line number="32" hits="166" branch="true" condition-coverage="50% (1/2)"/>
            <line number="33" hits="0" branch="false"/>
            <line number="36" hits="166" branch="false"/>
            <line number="74" hits="1" branch="false"/>
          </lines>
        </class>
        <class name="index.ts" filename="static/js/publisher/components/SaveAndPreview/index.ts" line-rate="1" branch-rate="1">
          <methods>
          </methods>
          <lines>
          </lines>
        </class>
      </classes>
    </package>
    <package name="publisher.components.SaveStateNotifications" line-rate="1" branch-rate="1">
      <classes>
        <class name="SaveStateNotifications.tsx" filename="static/js/publisher/components/SaveStateNotifications/SaveStateNotifications.tsx" line-rate="1" branch-rate="1">
          <methods>
            <method name="SaveStateNotifications" hits="23" signature="()V">
              <lines>
                <line number="14" hits="23"/>
              </lines>
            </method>
            <method name="(anonymous_1)" hits="1" signature="()V">
              <lines>
                <line number="27" hits="1"/>
              </lines>
            </method>
            <method name="(anonymous_2)" hits="2" signature="()V">
              <lines>
                <line number="39" hits="2"/>
              </lines>
            </method>
            <method name="(anonymous_3)" hits="2" signature="()V">
              <lines>
                <line number="48" hits="2"/>
              </lines>
            </method>
          </methods>
          <lines>
            <line number="20" hits="23" branch="false"/>
            <line number="28" hits="1" branch="false"/>
            <line number="40" hits="2" branch="false"/>
            <line number="41" hits="2" branch="false"/>
            <line number="48" hits="2" branch="false"/>
          </lines>
        </class>
        <class name="index.ts" filename="static/js/publisher/components/SaveStateNotifications/index.ts" line-rate="1" branch-rate="1">
          <methods>
          </methods>
          <lines>
          </lines>
        </class>
      </classes>
    </package>
    <package name="publisher.components.SearchAutocomplete" line-rate="0.423" branch-rate="0.2">
      <classes>
        <class name="SearchAutocomplete.tsx" filename="static/js/publisher/components/SearchAutocomplete/SearchAutocomplete.tsx" line-rate="0.423" branch-rate="0.2">
          <methods>
            <method name="SearchAutocomplete" hits="48" signature="()V">
              <lines>
                <line number="30" hits="48"/>
              </lines>
            </method>
            <method name="(anonymous_1)" hits="20" signature="()V">
              <lines>
                <line number="40" hits="20"/>
              </lines>
            </method>
            <method name="(anonymous_2)" hits="20" signature="()V">
              <lines>
                <line number="41" hits="20"/>
              </lines>
            </method>
            <method name="(anonymous_3)" hits="0" signature="()V">
              <lines>
                <line number="44" hits="0"/>
              </lines>
            </method>
            <method name="(anonymous_4)" hits="0" signature="()V">
              <lines>
                <line number="46" hits="0"/>
              </lines>
            </method>
            <method name="(anonymous_5)" hits="0" signature="()V">
              <lines>
                <line number="51" hits="0"/>
              </lines>
            </method>
            <method name="(anonymous_6)" hits="20" signature="()V">
              <lines>
                <line number="60" hits="20"/>
              </lines>
            </method>
            <method name="(anonymous_7)" hits="20" signature="()V">
              <lines>
                <line number="61" hits="20"/>
              </lines>
            </method>
            <method name="(anonymous_8)" hits="20" signature="()V">
              <lines>
                <line number="62" hits="20"/>
              </lines>
            </method>
            <method name="(anonymous_9)" hits="0" signature="()V">
              <lines>
                <line number="68" hits="0"/>
              </lines>
            </method>
            <method name="(anonymous_10)" hits="0" signature="()V">
              <lines>
                <line number="77" hits="0"/>
              </lines>
            </method>
            <method name="(anonymous_11)" hits="48" signature="()V">
              <lines>
                <line number="79" hits="48"/>
              </lines>
            </method>
            <method name="(anonymous_12)" hits="24" signature="()V">
              <lines>
                <line number="81" hits="24"/>
              </lines>
            </method>
            <method name="(anonymous_13)" hits="0" signature="()V">
              <lines>
                <line number="93" hits="0"/>
[...]
            <line number="6" hits="1" branch="false"/>
            <line number="9" hits="2" branch="true" condition-coverage="100% (2/2)"/>
            <line number="10" hits="1" branch="false"/>
            <line number="13" hits="1" branch="false"/>
          </lines>
        </class>
        <class name="validateImageDimensions.ts" filename="static/js/publisher/utils/validateImageDimensions.ts" line-rate="1" branch-rate="1">
          <methods>
            <method name="validateImageDimensions" hits="5" signature="()V">
              <lines>
                <line number="1" hits="5"/>
              </lines>
            </method>
          </methods>
          <lines>
            <line number="11" hits="5" branch="false"/>
          </lines>
        </class>
      </classes>
    </package>
    <package name="store.components.Banner" line-rate="1" branch-rate="1">
      <classes>
        <class name="Banner.tsx" filename="static/js/store/components/Banner/Banner.tsx" line-rate="1" branch-rate="1">
          <methods>
            <method name="Banner" hits="33" signature="()V">
              <lines>
                <line number="11" hits="33"/>
              </lines>
            </method>
          </methods>
          <lines>
            <line number="12" hits="33" branch="false"/>
          </lines>
        </class>
        <class name="index.ts" filename="static/js/store/components/Banner/index.ts" line-rate="1" branch-rate="1">
          <methods>
          </methods>
          <lines>
          </lines>
        </class>
      </classes>
    </package>
    <package name="store.components.EmptyResultSection" line-rate="1" branch-rate="1">
      <classes>
        <class name="EmptyResultSection.tsx" filename="static/js/store/components/EmptyResultSection/EmptyResultSection.tsx" line-rate="1" branch-rate="1">
          <methods>
            <method name="EmptyResultSection" hits="4" signature="()V">
              <lines>
                <line number="9" hits="4"/>
              </lines>
            </method>
          </methods>
          <lines>
            <line number="18" hits="4" branch="false"/>
            <line number="20" hits="4" branch="false"/>
          </lines>
        </class>
        <class name="index.ts" filename="static/js/store/components/EmptyResultSection/index.ts" line-rate="1" branch-rate="1">
          <methods>
          </methods>
          <lines>
          </lines>
        </class>
      </classes>
    </package>
    <package name="store.components.PackageFilter" line-rate="0.6956" branch-rate="0.5832999999999999">
      <classes>
        <class name="PackageFilter.tsx" filename="static/js/store/components/PackageFilter/PackageFilter.tsx" line-rate="0.6956" branch-rate="0.5832999999999999">
          <methods>
            <method name="(anonymous_0)" hits="39" signature="()V">
              <lines>
                <line number="24" hits="39"/>
              </lines>
            </method>
            <method name="(anonymous_1)" hits="3" signature="()V">
              <lines>
                <line number="34" hits="3"/>
              </lines>
            </method>
            <method name="(anonymous_2)" hits="2" signature="()V">
              <lines>
                <line number="36" hits="2"/>
              </lines>
            </method>
            <method name="(anonymous_3)" hits="0" signature="()V">
              <lines>
                <line number="51" hits="0"/>
              </lines>
            </method>
            <method name="(anonymous_4)" hits="13" signature="()V">
              <lines>
                <line number="65" hits="13"/>
              </lines>
            </method>
            <method name="(anonymous_5)" hits="117" signature="()V">
              <lines>
                <line number="71" hits="117"/>
              </lines>
            </method>
            <method name="(anonymous_6)" hits="1339" signature="()V">
              <lines>
                <line number="72" hits="1339"/>
              </lines>
            </method>
            <method name="(anonymous_7)" hits="247" signature="()V">
              <lines>
                <line number="78" hits="247"/>
              </lines>
            </method>
            <method name="(anonymous_8)" hits="17" signature="()V">
              <lines>
                <line number="84" hits="17"/>
              </lines>
            </method>
            <method name="(anonymous_9)" hits="123" signature="()V">
              <lines>
                <line number="86" hits="123"/>
              </lines>
            </method>
            <method name="(anonymous_10)" hits="0" signature="()V">
              <lines>
                <line number="107" hits="0"/>
              </lines>
            </method>
            <method name="(anonymous_11)" hits="0" signature="()V">
              <lines>
                <line number="118" hits="0"/>
              </lines>
            </method>
            <method name="(anonymous_12)" hits="0" signature="()V">
              <lines>
                <line number="121" hits="0"/>
              </lines>
            </method>
            <method name="(anonymous_13)" hits="0" signature="()V">
              <lines>
                <line number="140" hits="0"/>
              </lines>
            </method>
          </methods>
          <lines>
            <line number="16" hits="3" branch="false"/>
            <line number="17" hits="3" branch="false"/>
            <line number="24" hits="3" branch="false"/>
            <line number="28" hits="39" branch="false"/>
            <line number="29" hits="39" branch="false"/>
            <line number="32" hits="39" branch="true" condition-coverage="100% (2/2)"/>
            <line number="34" hits="39" branch="false"/>
            <line number="35" hits="3" branch="false"/>
            <line number="36" hits="2" branch="true" condition-coverage="50% (1/2)"/>
            <line number="38" hits="3" branch="true" condition-coverage="100% (2/2)"/>
            <line number="39" hits="2" branch="true" condition-coverage="50% (1/2)"/>
            <line number="40" hits="0" branch="false"/>
            <line number="42" hits="2" branch="false"/>
            <line number="44" hits="1" branch="false"/>
            <line number="47" hits="3" branch="false"/>
            <line number="48" hits="3" branch="false"/>
            <line number="51" hits="39" branch="false"/>
            <line number="52" hits="0" branch="true" condition-coverage="0% (0/2)"/>
            <line number="53" hits="0" branch="false"/>
            <line number="54" hits="0" branch="true" condition-coverage="0% (0/2)"/>
            <line number="55" hits="0" branch="false"/>
            <line number="58" hits="0" branch="false"/>
            <line number="61" hits="0" branch="false"/>
            <line number="62" hits="0" branch="false"/>
            <line number="65" hits="39" branch="false"/>
            <line number="69" hits="13" branch="false"/>
            <line number="71" hits="13" branch="false"/>
            <line number="72" hits="1339" branch="false"/>
            <line number="73" hits="117" branch="true" condition-coverage="50% (1/2)"/>
            <line number="74" hits="117" branch="false"/>
            <line number="78" hits="13" branch="false"/>
            <line number="79" hits="247" branch="true" condition-coverage="100% (2/2)"/>
            <line number="80" hits="130" branch="false"/>
            <line number="84" hits="13" branch="false"/>
            <line number="85" hits="17" branch="false"/>
            <line number="86" hits="123" branch="false"/>
            <line number="89" hits="17" branch="true" condition-coverage="50% (1/2)"/>
            <line number="90" hits="17" branch="false"/>
            <line number="93" hits="0" branch="false"/>
            <line number="98" hits="39" branch="true" condition-coverage="100% (4/4)"/>
            <line number="103" hits="39" branch="false"/>
            <line number="108" hits="0" branch="false"/>
            <line number="119" hits="0" branch="false"/>
            <line number="122" hits="0" branch="true" condition-coverage="0% (0/4)"/>
            <line number="123" hits="0" branch="false"/>
            <line number="141" hits="0" branch="false"/>
          </lines>
        </class>
        <class name="index.ts" filename="static/js/store/components/PackageFilter/index.ts" line-rate="1" branch-rate="1">
          <methods>
          </methods>
          <lines>
          </lines>
        </class>
      </classes>
    </package>
    <package name="store.components.PackageList" line-rate="0.7777" branch-rate="0.8421">
      <classes>
        <class name="PackageList.tsx" filename="static/js/store/components/PackageList/PackageList.tsx" line-rate="0.7777" branch-rate="0.8421">
          <methods>
            <method name="PackageList" hits="33" signature="()V">
              <lines>
                <line number="18" hits="33"/>
              </lines>
            </method>
            <method name="(anonymous_1)" hits="12" signature="()V">
              <lines>
                <line number="44" hits="12"/>
              </lines>
            </method>
            <method name="(anonymous_2)" hits="39" signature="()V">
              <lines>
                <line number="46" hits="39"/>
              </lines>
            </method>
            <method name="(anonymous_3)" hits="33" signature="()V">
              <lines>
                <line number="51" hits="33"/>
              </lines>
            </method>
            <method name="(anonymous_4)" hits="0" signature="()V">
              <lines>
                <line number="75" hits="0"/>
              </lines>
            </method>
            <method name="(anonymous_5)" hits="255" signature="()V">
              <lines>
                <line number="123" hits="255"/>
              </lines>
            </method>
            <method name="(anonymous_6)" hits="16" signature="()V">
              <lines>
                <line number="130" hits="16"/>
              </lines>
            </method>
            <method name="(anonymous_7)" hits="0" signature="()V">
              <lines>
                <line number="144" hits="0"/>
              </lines>
            </method>
          </methods>
          <lines>
            <line number="16" hits="1" branch="false"/>
            <line number="29" hits="33" branch="false"/>
            <line number="32" hits="33" branch="true" condition-coverage="100% (2/2)"/>
            <line number="34" hits="33" branch="true" condition-coverage="100% (3/3)"/>
            <line number="37" hits="33" branch="true" condition-coverage="100% (2/2)"/>
            <line number="39" hits="33" branch="true" condition-coverage="100% (2/2)"/>
            <line number="40" hits="33" branch="false"/>
            <line number="41" hits="33" branch="false"/>
            <line number="44" hits="33" branch="false"/>
            <line number="45" hits="12" branch="false"/>
            <line number="46" hits="39" branch="false"/>
            <line number="48" hits="12" branch="false"/>
            <line number="51" hits="33" branch="false"/>
            <line number="52" hits="33" branch="true" condition-coverage="100% (2/2)"/>
            <line number="53" hits="13" branch="false"/>
            <line number="56" hits="20" branch="true" condition-coverage="100% (2/2)"/>
            <line number="57" hits="8" branch="false"/>
            <line number="60" hits="12" branch="true" condition-coverage="50% (1/2)"/>
            <line number="61" hits="0" branch="false"/>
            <line number="64" hits="12" branch="true" condition-coverage="100% (2/2)"/>
            <line number="65" hits="2" branch="false"/>
            <line number="68" hits="10" branch="true" condition-coverage="100% (2/2)"/>
            <line number="69" hits="2" branch="false"/>
            <line number="72" hits="8" branch="false"/>
            <line number="75" hits="33" branch="false"/>
            <line number="76" hits="0" branch="false"/>
            <line number="77" hits="0" branch="false"/>
            <line number="78" hits="0" branch="false"/>
            <line number="80" hits="0" branch="true" condition-coverage="0% (0/2)"/>
            <line number="81" hits="0" branch="false"/>
            <line number="86" hits="33" branch="true" condition-coverage="75% (3/4)"/>
            <line number="90" hits="33" branch="false"/>
            <line number="124" hits="255" branch="false"/>
            <line number="131" hits="16" branch="false"/>
            <line number="145" hits="0" branch="false"/>
            <line number="146" hits="0" branch="false"/>
          </lines>
        </class>
      </classes>
    </package>
    <package name="store.components.SearchInput" line-rate="1" branch-rate="0.75">
      <classes>
        <class name="SearchInput.tsx" filename="static/js/store/components/SearchInput/SearchInput.tsx" line-rate="1" branch-rate="0.75">
          <methods>
            <method name="(anonymous_0)" hits="37" signature="()V">
              <lines>
                <line number="11" hits="37"/>
              </lines>
            </method>
            <method name="(anonymous_1)" hits="2" signature="()V">
              <lines>
                <line number="19" hits="2"/>
              </lines>
            </method>
            <method name="(anonymous_2)" hits="1" signature="()V">
              <lines>
                <line number="38" hits="1"/>
              </lines>
            </method>
          </methods>
          <lines>
            <line number="11" hits="2" branch="false"/>
            <line number="15" hits="37" branch="false"/>
            <line number="16" hits="37" branch="false"/>
            <line number="17" hits="37" branch="false"/>
            <line number="19" hits="37" branch="false"/>
            <line number="20" hits="2" branch="false"/>
            <line number="22" hits="2" branch="true" condition-coverage="50% (1/2)"/>
            <line number="23" hits="2" branch="false"/>
            <line number="26" hits="2" branch="true" condition-coverage="75% (3/4)"/>
            <line number="27" hits="2" branch="false"/>
            <line number="28" hits="2" branch="false"/>
            <line number="29" hits="2" branch="false"/>
            <line number="31" hits="2" branch="true" condition-coverage="75% (3/4)"/>
            <line number="32" hits="2" branch="false"/>
            <line number="38" hits="37" branch="false"/>
            <line number="39" hits="1" branch="false"/>
            <line number="40" hits="1" branch="false"/>
            <line number="43" hits="37" branch="false"/>
          </lines>
        </class>
        <class name="index.ts" filename="static/js/store/components/SearchInput/index.ts" line-rate="1" branch-rate="1">
          <methods>
          </methods>
          <lines>
          </lines>
        </class>
      </classes>
    </package>
    <package name="store.hooks" line-rate="1" branch-rate="1">
      <classes>
        <class name="index.ts" filename="static/js/store/hooks/index.ts" line-rate="1" branch-rate="1">
          <methods>
          </methods>
          <lines>
          </lines>
        </class>
        <class name="usePackages.ts" filename="static/js/store/hooks/usePackages.ts" line-rate="1" branch-rate="1">
          <methods>
            <method name="usePackages" hits="33" signature="()V">
              <lines>
                <line number="7" hits="33"/>
              </lines>
            </method>
            <method name="(anonymous_1)" hits="17" signature="()V">
              <lines>
                <line number="10" hits="17"/>
              </lines>
            </method>
            <method name="(anonymous_2)" hits="17" signature="()V">
              <lines>
                <line number="14" hits="17"/>
              </lines>
            </method>
          </methods>
          <lines>
            <line number="8" hits="33" branch="false"/>
            <line number="11" hits="17" branch="false"/>
            <line number="12" hits="17" branch="false"/>
            <line number="14" hits="17" branch="false"/>
            <line number="15" hits="17" branch="false"/>
            <line number="21" hits="17" branch="false"/>
          </lines>
        </class>
      </classes>
    </package>
    <package name="store.pages.Store" line-rate="1" branch-rate="0.875">
      <classes>
        <class name="Store.tsx" filename="static/js/store/pages/Store/Store.tsx" line-rate="1" branch-rate="0.875">
          <methods>
            <method name="Store" hits="33" signature="()V">
              <lines>
                <line number="10" hits="33"/>
              </lines>
            </method>
          </methods>
          <lines>
            <line number="11" hits="33" branch="false"/>
            <line number="12" hits="33" branch="false"/>
            <line number="13" hits="33" branch="true" condition-coverage="100% (2/2)"/>
            <line number="14" hits="33" branch="false"/>
            <line number="16" hits="33" branch="false"/>
            <line number="18" hits="33" branch="true" condition-coverage="100% (2/2)"/>
            <line number="24" hits="8" branch="false"/>
            <line number="26" hits="25" branch="false"/>
            <line number="29" hits="33" branch="false"/>
            <line number="30" hits="33" branch="true" condition-coverage="100% (2/2)"/>
            <line number="31" hits="33" branch="true" condition-coverage="100% (2/2)"/>
            <line number="33" hits="33" branch="false"/>
            <line number="34" hits="33" branch="false"/>
            <line number="36" hits="33" branch="true" condition-coverage="75% (3/4)"/>
          </lines>
        </class>
      </classes>
    </package>
    <package name="store.test-utils" line-rate="1" branch-rate="1">
      <classes>
        <class name="index.ts" filename="static/js/store/test-utils/index.ts" line-rate="1" branch-rate="1">
          <methods>
          </methods>
          <lines>
          </lines>
        </class>
        <class name="mockRecommendations.ts" filename="static/js/store/test-utils/mockRecommendations.ts" line-rate="1" branch-rate="1">
          <methods>
          </methods>
          <lines>
          </lines>
        </class>
        <class name="testPackageData.ts" filename="static/js/store/test-utils/testPackageData.ts" line-rate="1" branch-rate="1">
          <methods>
          </methods>
          <lines>
            <line number="1" hits="1" branch="false"/>
          </lines>
        </class>
      </classes>
    </package>
    <package name="store.utils" line-rate="1" branch-rate="1">
      <classes>
        <class name="getArchitectures.ts" filename="static/js/store/utils/getArchitectures.ts" line-rate="1" branch-rate="1">
          <methods>
            <method name="getArchitectures" hits="31" signature="()V">
              <lines>
                <line number="1" hits="31"/>
              </lines>
            </method>
          </methods>
          <lines>
            <line number="2" hits="31" branch="false"/>
          </lines>
        </class>
        <class name="getCategoryOrder.ts" filename="static/js/store/utils/getCategoryOrder.ts" line-rate="1" branch-rate="1">
          <methods>
            <method name="getCategoryOrder" hits="3" signature="()V">
              <lines>
                <line number="1" hits="3"/>
              </lines>
            </method>
          </methods>
          <lines>
            <line number="2" hits="3" branch="false"/>
          </lines>
        </class>
        <class name="index.ts" filename="static/js/store/utils/index.ts" line-rate="1" branch-rate="1">
          <methods>
          </methods>
          <lines>
          </lines>
        </class>
      </classes>
    </package>
  </packages>
</coverage>
