<?xml version="1.0" ?>
<!DOCTYPE coverage SYSTEM "http://cobertura.sourceforge.net/xml/coverage-04.dtd">
<coverage lines-valid="3800" lines-covered="2088" line-rate="0.5494" branches-valid="2478" branches-covered="1359" branch-rate="0.5484" timestamp="1744236234015" complexity="0" version="0.1">
  <sources>
    <source>/home/runner/work/snapcraft.io/snapcraft.io</source>
  </sources>
  <packages>
    <package name="base" line-rate="0.2758" branch-rate="0.1153">
      <classes>
        <class name="ga.ts" filename="static/js/base/ga.ts" line-rate="0.2758" branch-rate="0.1153">
          <methods>
            <method name="triggerEvent" hits="1" signature="()V">
              <lines>
                <line number="24" hits="1"/>
              </lines>
            </method>
            <method name="triggerEventReleaseUI" hits="10" signature="()V">
              <lines>
                <line number="41" hits="10"/>
              </lines>
            </method>
            <method name="(anonymous_2)" hits="0" signature="()V">
              <lines>
                <line number="54" hits="0"/>
              </lines>
            </method>
          </methods>
          <lines>
            <line number="1" hits="10" branch="false"/>
            <line number="2" hits="10" branch="false"/>
            <line number="8" hits="10" branch="false"/>
            <line number="30" hits="1" branch="true" condition-coverage="50% (1/2)"/>
            <line number="31" hits="1" branch="false"/>
            <line number="42" hits="10" branch="true" condition-coverage="50% (1/2)"/>
            <line number="43" hits="10" branch="false"/>
            <line number="53" hits="10" branch="true" condition-coverage="50% (1/2)"/>
            <line number="54" hits="0" branch="false"/>
            <line number="57" hits="0" branch="false"/>
            <line number="59" hits="0" branch="true" condition-coverage="0% (0/4)"/>
            <line number="60" hits="0" branch="false"/>
            <line number="63" hits="0" branch="false"/>
            <line number="65" hits="0" branch="true" condition-coverage="0% (0/2)"/>
            <line number="66" hits="0" branch="false"/>
            <line number="69" hits="0" branch="true" condition-coverage="0% (0/2)"/>
            <line number="70" hits="0" branch="false"/>
            <line number="73" hits="0" branch="false"/>
            <line number="74" hits="0" branch="true" condition-coverage="0% (0/2)"/>
            <line number="77" hits="0" branch="false"/>
            <line number="78" hits="0" branch="false"/>
            <line number="80" hits="0" branch="true" condition-coverage="0% (0/2)"/>
            <line number="81" hits="0" branch="false"/>
            <line number="84" hits="0" branch="true" condition-coverage="0% (0/2)"/>
            <line number="85" hits="0" branch="true" condition-coverage="0% (0/2)"/>
            <line number="89" hits="0" branch="false"/>
            <line number="93" hits="0" branch="true" condition-coverage="0% (0/2)"/>
            <line number="94" hits="0" branch="false"/>
            <line number="97" hits="0" branch="false"/>
          </lines>
        </class>
      </classes>
    </package>
    <package name="libs" line-rate="0.9721" branch-rate="0.8404">
      <classes>
        <class name="channels.js" filename="static/js/libs/channels.js" line-rate="1" branch-rate="0.8679000000000001">
          <methods>
            <method name="parseChannel" hits="41" signature="()V">
              <lines>
                <line number="9" hits="41"/>
              </lines>
            </method>
            <method name="createChannelTree" hits="10" signature="()V">
              <lines>
                <line number="75" hits="10"/>
              </lines>
            </method>
            <method name="(anonymous_2)" hits="37" signature="()V">
              <lines>
                <line number="78" hits="37"/>
              </lines>
            </method>
            <method name="sortAlphaNum" hits="33" signature="()V">
              <lines>
                <line number="120" hits="33"/>
              </lines>
            </method>
            <method name="(anonymous_4)" hits="72" signature="()V">
              <lines>
                <line number="124" hits="72"/>
              </lines>
            </method>
            <method name="(anonymous_5)" hits="7" signature="()V">
              <lines>
                <line number="139" hits="7"/>
              </lines>
            </method>
            <method name="(anonymous_6)" hits="27" signature="()V">
              <lines>
                <line number="146" hits="27"/>
              </lines>
            </method>
            <method name="sortChannels" hits="6" signature="()V">
              <lines>
                <line number="174" hits="6"/>
              </lines>
            </method>
            <method name="(anonymous_8)" hits="22" signature="()V">
              <lines>
                <line number="175" hits="22"/>
              </lines>
            </method>
            <method name="(anonymous_9)" hits="17" signature="()V">
              <lines>
                <line number="187" hits="17"/>
              </lines>
            </method>
            <method name="(anonymous_10)" hits="17" signature="()V">
              <lines>
                <line number="191" hits="17"/>
              </lines>
            </method>
            <method name="(anonymous_11)" hits="3" signature="()V">
              <lines>
                <line number="192" hits="3"/>
              </lines>
            </method>
            <method name="(anonymous_12)" hits="20" signature="()V">
              <lines>
                <line number="196" hits="20"/>
              </lines>
            </method>
            <method name="(anonymous_13)" hits="20" signature="()V">
              <lines>
                <line number="198" hits="20"/>
              </lines>
            </method>
            <method name="(anonymous_14)" hits="22" signature="()V">
              <lines>
                <line number="201" hits="22"/>
              </lines>
            </method>
            <method name="(anonymous_15)" hits="6" signature="()V">
              <lines>
                <line number="209" hits="6"/>
              </lines>
            </method>
            <method name="(anonymous_16)" hits="17" signature="()V">
              <lines>
                <line number="211" hits="17"/>
              </lines>
            </method>
            <method name="(anonymous_17)" hits="20" signature="()V">
              <lines>
                <line number="213" hits="20"/>
              </lines>
            </method>
            <method name="(anonymous_18)" hits="4" signature="()V">
              <lines>
                <line number="215" hits="4"/>
              </lines>
            </method>
            <method name="(anonymous_19)" hits="20" signature="()V">
              <lines>
                <line number="217" hits="20"/>
              </lines>
            </method>
            <method name="(anonymous_20)" hits="70" signature="()V">
              <lines>
                <line number="235" hits="70"/>
              </lines>
            </method>
            <method name="getChannelString" hits="16" signature="()V">
              <lines>
                <line number="266" hits="16"/>
              </lines>
            </method>
          </methods>
          <lines>
            <line number="1" hits="14" branch="false"/>
            <line number="10" hits="41" branch="false"/>
            <line number="15" hits="41" branch="false"/>
            <line number="17" hits="41" branch="true" condition-coverage="100% (2/2)"/>
            <line number="18" hits="5" branch="true" condition-coverage="100% (2/2)"/>
            <line number="19" hits="3" branch="false"/>
            <line number="23" hits="41" branch="false"/>
            <line number="24" hits="41" branch="true" condition-coverage="100% (2/2)"/>
            <line number="25" hits="14" branch="false"/>
            <line number="26" hits="14" branch="false"/>
            <line number="27" hits="27" branch="true" condition-coverage="100% (2/2)"/>
            <line number="28" hits="23" branch="true" condition-coverage="100% (2/2)"/>
            <line number="29" hits="16" branch="false"/>
            <line number="30" hits="16" branch="false"/>
            <line number="31" hits="16" branch="false"/>
            <line number="32" hits="16" branch="false"/>
            <line number="34" hits="7" branch="false"/>
            <line number="35" hits="7" branch="false"/>
            <line number="36" hits="7" branch="false"/>
            <line number="37" hits="7" branch="false"/>
            <line number="39" hits="4" branch="true" condition-coverage="50% (1/2)"/>
            <line number="40" hits="4" branch="false"/>
            <line number="41" hits="4" branch="false"/>
            <line number="42" hits="4" branch="false"/>
            <line number="43" hits="4" branch="false"/>
            <line number="44" hits="4" branch="false"/>
            <line number="45" hits="4" branch="false"/>
            <line number="48" hits="41" branch="false"/>
            <line number="76" hits="10" branch="false"/>
            <line number="78" hits="10" branch="false"/>
            <line number="79" hits="37" branch="true" condition-coverage="100% (2/2)"/>
            <line number="80" hits="22" branch="false"/>
            <line number="86" hits="37" branch="false"/>
            <line number="88" hits="37" branch="true" condition-coverage="100% (2/2)"/>
            <line number="89" hits="31" branch="false"/>
            <line number="94" hits="37" branch="false"/>
            <line number="96" hits="37" branch="true" condition-coverage="100% (2/2)"/>
            <line number="97" hits="31" branch="false"/>
            <line number="100" hits="37" branch="false"/>
            <line number="105" hits="10" branch="false"/>
            <line number="121" hits="33" branch="false"/>
            <line number="122" hits="33" branch="false"/>
            <line number="123" hits="33" branch="false"/>
            <line number="124" hits="33" branch="false"/>
            <line number="129" hits="72" branch="true" condition-coverage="100% (4/4)"/>
            <line number="130" hits="27" branch="false"/>
            <line number="131" hits="45" branch="true" condition-coverage="100% (2/2)"/>
            <line number="132" hits="17" branch="false"/>
            <line number="134" hits="28" branch="false"/>
            <line number="139" hits="33" branch="false"/>
            <line number="140" hits="7" branch="false"/>
            <line number="143" hits="33" branch="false"/>
            <line number="146" hits="33" branch="false"/>
            <line number="147" hits="27" branch="false"/>
            <line number="154" hits="33" branch="false"/>
            <line number="175" hits="22" branch="false"/>
            <line number="176" hits="6" branch="false"/>
            <line number="178" hits="6" branch="false"/>
            <line number="180" hits="6" branch="false"/>
            <line number="181" hits="6" branch="true" condition-coverage="100% (4/4)"/>
            <line number="182" hits="1" branch="false"/>
            <line number="185" hits="6" branch="false"/>
            <line number="187" hits="6" branch="false"/>
            <line number="188" hits="17" branch="false"/>
            <line number="191" hits="6" branch="false"/>
            <line number="192" hits="17" branch="false"/>
            <line number="193" hits="3" branch="false"/>
            <line number="196" hits="20" branch="false"/>
            <line number="198" hits="17" branch="false"/>
            <line number="199" hits="20" branch="false"/>
            <line number="201" hits="22" branch="false"/>
            <line number="203" hits="20" branch="false"/>
            <line number="206" hits="17" branch="false"/>
            <line number="209" hits="6" branch="false"/>
            <line number="210" hits="6" branch="false"/>
            <line number="211" hits="6" branch="false"/>
            <line number="212" hits="17" branch="true" condition-coverage="50% (1/2)"/>
            <line number="213" hits="17" branch="false"/>
            <line number="214" hits="20" branch="true" condition-coverage="100% (4/4)"/>
            <line number="215" hits="2" branch="false"/>
            <line number="216" hits="4" branch="false"/>
            <line number="218" hits="20" branch="true" condition-coverage="100% (3/3)"/>
            <line number="222" hits="4" branch="false"/>
            <line number="223" hits="4" branch="true" condition-coverage="50% (1/2)"/>
            <line number="224" hits="4" branch="false"/>
            <line number="226" hits="4" branch="true" condition-coverage="50% (1/2)"/>
            <line number="227" hits="4" branch="false"/>
            <line number="229" hits="4" branch="true" condition-coverage="50% (1/2)"/>
            <line number="230" hits="4" branch="false"/>
            <line number="232" hits="4" branch="false"/>
            <line number="235" hits="18" branch="false"/>
            <line number="236" hits="70" branch="true" condition-coverage="100% (2/2)"/>
            <line number="238" hits="18" branch="false"/>
            <line number="239" hits="18" branch="true" condition-coverage="100% (2/2)"/>
            <line number="240" hits="13" branch="false"/>
            <line number="242" hits="18" branch="true" condition-coverage="50% (1/2)"/>
            <line number="243" hits="18" branch="false"/>
            <line number="245" hits="18" branch="false"/>
            <line number="251" hits="6" branch="false"/>
            <line number="254" hits="6" branch="false"/>
            <line number="267" hits="16" branch="true" condition-coverage="50% (1/2)"/>
          </lines>
        </class>
        <class name="debounce.ts" filename="static/js/libs/debounce.ts" line-rate="0.8665999999999999" branch-rate="0.5">
          <methods>
            <method name="debounce" hits="61" signature="()V">
              <lines>
                <line number="5" hits="61"/>
              </lines>
            </method>
            <method name="(anonymous_1)" hits="2000" signature="()V">
              <lines>
                <line number="12" hits="2000"/>
              </lines>
            </method>
            <method name="(anonymous_2)" hits="2" signature="()V">
              <lines>
                <line number="17" hits="2"/>
              </lines>
            </method>
            <method name="(anonymous_3)" hits="0" signature="()V">
              <lines>
                <line number="31" hits="0"/>
              </lines>
            </method>
          </methods>
          <lines>
            <line number="12" hits="61" branch="false"/>
            <line number="14" hits="2000" branch="false"/>
            <line number="16" hits="2000" branch="false"/>
            <line number="17" hits="2000" branch="false"/>
            <line number="18" hits="2" branch="false"/>
            <line number="19" hits="2" branch="true" condition-coverage="50% (1/2)"/>
            <line number="21" hits="2000" branch="true" condition-coverage="50% (1/2)"/>
            <line number="23" hits="2000" branch="true" condition-coverage="100% (2/2)"/>
            <line number="24" hits="1998" branch="false"/>
            <line number="26" hits="2000" branch="false"/>
            <line number="28" hits="2000" branch="true" condition-coverage="50% (1/2)"/>
            <line number="31" hits="61" branch="false"/>
            <line number="32" hits="0" branch="true" condition-coverage="0% (0/2)"/>
            <line number="33" hits="0" branch="false"/>
            <line number="37" hits="61" branch="false"/>
          </lines>
        </class>
        <class name="events.ts" filename="static/js/libs/events.ts" line-rate="0.909" branch-rate="0.6666">
          <methods>
            <method name="(anonymous_0)" hits="1" signature="()V">
              <lines>
                <line number="30" hits="1"/>
              </lines>
            </method>
            <method name="(anonymous_1)" hits="1" signature="()V">
              <lines>
                <line number="37" hits="1"/>
              </lines>
            </method>
            <method name="(anonymous_2)" hits="2" signature="()V">
              <lines>
                <line number="43" hits="2"/>
              </lines>
            </method>
            <method name="(anonymous_3)" hits="2" signature="()V">
              <lines>
                <line number="46" hits="2"/>
              </lines>
            </method>
            <method name="(anonymous_4)" hits="3" signature="()V">
              <lines>
                <line number="52" hits="3"/>
              </lines>
            </method>
            <method name="(anonymous_5)" hits="2" signature="()V">
              <lines>
                <line number="68" hits="2"/>
              </lines>
            </method>
            <method name="(anonymous_6)" hits="0" signature="()V">
              <lines>
                <line number="91" hits="0"/>
              </lines>
            </method>
            <method name="(anonymous_7)" hits="0" signature="()V">
              <lines>
                <line number="92" hits="0"/>
              </lines>
            </method>
            <method name="(anonymous_8)" hits="1" signature="()V">
              <lines>
                <line number="97" hits="1"/>
              </lines>
            </method>
            <method name="(anonymous_9)" hits="1" signature="()V">
              <lines>
                <line number="104" hits="1"/>
              </lines>
            </method>
            <method name="(anonymous_10)" hits="1" signature="()V">
              <lines>
                <line number="108" hits="1"/>
              </lines>
            </method>
          </methods>
          <lines>
            <line number="26" hits="1" branch="false"/>
            <line number="31" hits="1" branch="true" condition-coverage="100% (2/2)"/>
            <line number="32" hits="1" branch="false"/>
            <line number="33" hits="1" branch="false"/>
            <line number="34" hits="1" branch="false"/>
            <line number="42" hits="1" branch="true" condition-coverage="50% (1/2)"/>
            <line number="43" hits="2" branch="false"/>
            <line number="47" hits="2" branch="false"/>
            <line number="48" hits="2" branch="false"/>
            <line number="50" hits="2" branch="true" condition-coverage="50% (1/2)"/>
            <line number="52" hits="2" branch="false"/>
            <line number="54" hits="3" branch="true" condition-coverage="100% (2/2)"/>
            <line number="58" hits="3" branch="true" condition-coverage="50% (1/2)"/>
            <line number="59" hits="3" branch="true" condition-coverage="50% (2/4)"/>
            <line number="60" hits="0" branch="false"/>
            <line number="61" hits="3" branch="true" condition-coverage="50% (1/2)"/>
            <line number="62" hits="3" branch="false"/>
            <line number="73" hits="2" branch="true" condition-coverage="100% (2/2)"/>
            <line number="74" hits="1" branch="false"/>
            <line number="77" hits="2" branch="false"/>
            <line number="78" hits="2" branch="true" condition-coverage="50% (1/2)"/>
            <line number="79" hits="2" branch="false"/>
            <line number="85" hits="2" branch="true" condition-coverage="100% (2/2)"/>
            <line number="86" hits="1" branch="false"/>
            <line number="87" hits="1" branch="false"/>
            <line number="92" hits="0" branch="false"/>
            <line number="93" hits="0" branch="false"/>
            <line number="104" hits="1" branch="false"/>
            <line number="105" hits="1" branch="false"/>
            <line number="107" hits="1" branch="true" condition-coverage="50% (1/2)"/>
            <line number="108" hits="1" branch="false"/>
            <line number="109" hits="1" branch="false"/>
            <line number="110" hits="1" branch="false"/>
          </lines>
        </class>
        <class name="fileValidation.ts" filename="static/js/libs/fileValidation.ts" line-rate="0.9895" branch-rate="0.9125">
          <methods>
            <method name="baseRestrictions" hits="26" signature="()V">
              <lines>
                <line number="26" hits="26"/>
              </lines>
            </method>
            <method name="(anonymous_1)" hits="26" signature="()V">
              <lines>
                <line number="32" hits="26"/>
              </lines>
            </method>
            <method name="imageWhitelistHandler" hits="4" signature="()V">
              <lines>
                <line number="73" hits="4"/>
              </lines>
            </method>
            <method name="(anonymous_3)" hits="4" signature="()V">
              <lines>
                <line number="82" hits="4"/>
              </lines>
            </method>
            <method name="imageRestrictions" hits="21" signature="()V">
              <lines>
                <line number="109" hits="21"/>
              </lines>
            </method>
            <method name="(anonymous_5)" hits="21" signature="()V">
              <lines>
                <line number="113" hits="21"/>
              </lines>
            </method>
            <method name="(anonymous_6)" hits="20" signature="()V">
              <lines>
                <line number="122" hits="20"/>
              </lines>
            </method>
            <method name="validateRestrictions" hits="26" signature="()V">
              <lines>
                <line number="232" hits="26"/>
              </lines>
            </method>
            <method name="(anonymous_8)" hits="26" signature="()V">
              <lines>
                <line number="236" hits="26"/>
              </lines>
            </method>
            <method name="(anonymous_9)" hits="21" signature="()V">
              <lines>
                <line number="238" hits="21"/>
              </lines>
            </method>
            <method name="(anonymous_10)" hits="18" signature="()V">
              <lines>
                <line number="240" hits="18"/>
              </lines>
            </method>
          </methods>
          <lines>
            <line number="30" hits="26" branch="false"/>
            <line number="31" hits="26" branch="false"/>
            <line number="32" hits="26" branch="false"/>
            <line number="33" hits="26" branch="false"/>
            <line number="34" hits="26" branch="true" condition-coverage="100% (2/2)"/>
            <line number="35" hits="22" branch="true" condition-coverage="100% (2/2)"/>
            <line number="36" hits="1" branch="false"/>
            <line number="40" hits="26" branch="true" condition-coverage="100% (2/2)"/>
            <line number="41" hits="5" branch="true" condition-coverage="100% (4/4)"/>
            <line number="42" hits="2" branch="false"/>
            <line number="43" hits="2" branch="false"/>
            <line number="45" hits="2" branch="true" condition-coverage="100% (2/2)"/>
            <line number="46" hits="1" branch="false"/>
            <line number="48" hits="1" branch="false"/>
            <line number="50" hits="2" branch="false"/>
            <line number="52" hits="5" branch="true" condition-coverage="100% (4/4)"/>
            <line number="53" hits="2" branch="false"/>
            <line number="54" hits="2" branch="false"/>
            <line number="56" hits="2" branch="true" condition-coverage="100% (2/2)"/>
            <line number="57" hits="1" branch="false"/>
            <line number="59" hits="1" branch="false"/>
            <line number="61" hits="2" branch="false"/>
            <line number="65" hits="26" branch="true" condition-coverage="100% (2/2)"/>
            <line number="66" hits="5" branch="false"/>
            <line number="68" hits="21" branch="false"/>
            <line number="82" hits="4" branch="false"/>
            <line number="83" hits="4" branch="true" condition-coverage="50% (1/2)"/>
            <line number="84" hits="4" branch="false"/>
            <line number="85" hits="4" branch="false"/>
            <line number="86" hits="4" branch="true" condition-coverage="100% (2/2)"/>
            <line number="87" hits="1" branch="false"/>
            <line number="90" hits="3" branch="true" condition-coverage="50% (1/2)"/>
            <line number="91" hits="3" branch="true" condition-coverage="100% (2/2)"/>
            <line number="92" hits="1" branch="false"/>
            <line number="95" hits="2" branch="true" condition-coverage="50% (1/2)"/>
            <line number="96" hits="2" branch="true" condition-coverage="100% (2/2)"/>
            <line number="100" hits="1" branch="false"/>
            <line number="103" hits="1" branch="false"/>
            <line number="106" hits="4" branch="false"/>
            <line number="113" hits="21" branch="false"/>
            <line number="114" hits="21" branch="true" condition-coverage="100% (4/4)"/>
            <line number="115" hits="1" branch="false"/>
            <line number="116" hits="1" branch="false"/>
            <line number="119" hits="20" branch="false"/>
            <line number="120" hits="20" branch="false"/>
            <line number="122" hits="20" branch="false"/>
            <line number="123" hits="20" branch="false"/>
            <line number="124" hits="20" branch="false"/>
            <line number="126" hits="20" branch="true" condition-coverage="100% (2/2)"/>
            <line number="130" hits="1" branch="false"/>
            <line number="131" hits="1" branch="false"/>
            <line number="134" hits="19" branch="false"/>
            <line number="135" hits="19" branch="false"/>
            <line number="136" hits="19" branch="true" condition-coverage="100% (2/2)"/>
            <line number="137" hits="11" branch="true" condition-coverage="100% (2/2)"/>
            <line number="141" hits="4" branch="false"/>
            <line number="144" hits="19" branch="true" condition-coverage="100% (2/2)"/>
            <line number="145" hits="11" branch="true" condition-coverage="100% (2/2)"/>
            <line number="149" hits="4" branch="false"/>
            <line number="153" hits="19" branch="true" condition-coverage="100% (2/2)"/>
            <line number="154" hits="4" branch="false"/>
            <line number="157" hits="4" branch="false"/>
            <line number="160" hits="15" branch="false"/>
            <line number="161" hits="15" branch="true" condition-coverage="100% (2/2)"/>
            <line number="162" hits="13" branch="false"/>
            <line number="163" hits="13" branch="false"/>
            <line number="165" hits="13" branch="false"/>
            <line number="167" hits="13" branch="true" condition-coverage="50% (1/2)"/>
            <line number="168" hits="13" branch="false"/>
            <line number="170" hits="13" branch="true" condition-coverage="50% (1/2)"/>
            <line number="171" hits="13" branch="false"/>
            <line number="174" hits="13" branch="false"/>
            <line number="176" hits="13" branch="true" condition-coverage="100% (2/2)"/>
            <line number="181" hits="9" branch="false"/>
            <line number="184" hits="13" branch="true" condition-coverage="100% (2/2)"/>
            <line number="185" hits="9" branch="false"/>
            <line number="186" hits="9" branch="false"/>
            <line number="188" hits="9" branch="false"/>
            <line number="193" hits="9" branch="true" condition-coverage="100% (2/2)"/>
            <line number="194" hits="7" branch="false"/>
            <line number="198" hits="7" branch="false"/>
            <line number="200" hits="7" branch="true" condition-coverage="100% (2/2)"/>
            <line number="201" hits="6" branch="true" condition-coverage="50% (1/2)"/>
            <line number="202" hits="0" branch="false"/>
            <line number="206" hits="7" branch="false"/>
            <line number="208" hits="7" branch="false"/>
            <line number="216" hits="2" branch="false"/>
            <line number="221" hits="9" branch="false"/>
            <line number="222" hits="9" branch="false"/>
            <line number="225" hits="6" branch="false"/>
            <line number="228" hits="20" branch="false"/>
            <line number="236" hits="26" branch="false"/>
            <line number="237" hits="26" branch="false"/>
            <line number="238" hits="21" branch="false"/>
            <line number="242" hits="18" branch="false"/>
            <line number="243" hits="18" branch="false"/>
          </lines>
        </class>
        <class name="formHelpers.ts" filename="static/js/libs/formHelpers.ts" line-rate="1" branch-rate="1">
          <methods>
            <method name="buttonLoading" hits="1" signature="()V">
              <lines>
                <line number="1" hits="1"/>
              </lines>
            </method>
            <method name="buttonEnabled" hits="1" signature="()V">
              <lines>
                <line number="7" hits="1"/>
              </lines>
            </method>
            <method name="buttonDisable" hits="1" signature="()V">
              <lines>
                <line number="13" hits="1"/>
              </lines>
            </method>
          </methods>
          <lines>
            <line number="2" hits="1" branch="false"/>
            <line number="3" hits="1" branch="false"/>
            <line number="4" hits="1" branch="false"/>
            <line number="8" hits="1" branch="false"/>
            <line number="9" hits="1" branch="false"/>
            <line number="10" hits="1" branch="false"/>
            <line number="14" hits="1" branch="false"/>
            <line number="15" hits="1" branch="false"/>
          </lines>
        </class>
        <class name="iframeSize.ts" filename="static/js/libs/iframeSize.ts" line-rate="0.8181" branch-rate="0.5714">
          <methods>
            <method name="iframeSize" hits="1" signature="()V">
              <lines>
                <line number="1" hits="1"/>
              </lines>
            </method>
          </methods>
          <lines>
            <line number="2" hits="1" branch="false"/>
            <line number="3" hits="1" branch="true" condition-coverage="50% (1/2)"/>
            <line number="4" hits="0" branch="false"/>
            <line number="7" hits="1" branch="false"/>
            <line number="10" hits="1" branch="true" condition-coverage="60% (3/5)"/>
            <line number="11" hits="0" branch="false"/>
            <line number="14" hits="1" branch="false"/>
            <line number="16" hits="1" branch="false"/>
            <line number="17" hits="1" branch="false"/>
            <line number="19" hits="1" branch="false"/>
            <line number="20" hits="1" branch="false"/>
          </lines>
        </class>
        <class name="mobile.ts" filename="static/js/libs/mobile.ts" line-rate="1" branch-rate="1">
          <methods>
            <method name="isMobile" hits="2" signature="()V">
              <lines>
                <line number="1" hits="2"/>
              </lines>
            </method>
          </methods>
          <lines>
            <line number="3" hits="2" branch="false"/>
            <line number="8" hits="2" branch="false"/>
          </lines>
        </class>
        <class name="mouse.ts" filename="static/js/libs/mouse.ts" line-rate="1" branch-rate="1">
          <methods>
            <method name="(anonymous_0)" hits="1" signature="()V">
              <lines>
                <line number="3" hits="1"/>
              </lines>
            </method>
            <method name="(anonymous_1)" hits="1" signature="()V">
              <lines>
                <line number="9" hits="1"/>
              </lines>
            </method>
          </methods>
          <lines>
            <line number="4" hits="1" branch="false"/>
            <line number="6" hits="1" branch="false"/>
            <line number="10" hits="1" branch="false"/>
            <line number="17" hits="1" branch="false"/>
          </lines>
        </class>
        <class name="shallowDiff.ts" filename="static/js/libs/shallowDiff.ts" line-rate="1" branch-rate="1">
          <methods>
            <method name="(anonymous_0)" hits="4" signature="()V">
              <lines>
                <line number="1" hits="4"/>
              </lines>
            </method>
            <method name="(anonymous_1)" hits="3" signature="()V">
              <lines>
                <line number="5" hits="3"/>
              </lines>
            </method>
            <method name="(anonymous_2)" hits="2" signature="()V">
              <lines>
                <line number="15" hits="2"/>
              </lines>
            </method>
          </methods>
          <lines>
            <line number="1" hits="1" branch="false"/>
            <line number="5" hits="4" branch="false"/>
            <line number="6" hits="3" branch="false"/>
            <line number="7" hits="3" branch="true" condition-coverage="100% (2/2)"/>
            <line number="8" hits="1" branch="false"/>
            <line number="9" hits="2" branch="true" condition-coverage="100% (2/2)"/>
            <line number="10" hits="1" branch="false"/>
            <line number="14" hits="4" branch="true" condition-coverage="100% (2/2)"/>
            <line number="15" hits="2" branch="false"/>
            <line number="16" hits="2" branch="true" condition-coverage="100% (2/2)"/>
            <line number="17" hits="1" branch="false"/>
            <line number="22" hits="4" branch="false"/>
          </lines>
        </class>
        <class name="throttle.ts" filename="static/js/libs/throttle.ts" line-rate="1" branch-rate="1">
          <methods>
            <method name="throttle" hits="2" signature="()V">
              <lines>
                <line number="1" hits="2"/>
              </lines>
            </method>
            <method name="(anonymous_1)" hits="2" signature="()V">
              <lines>
                <line number="6" hits="2"/>
              </lines>
            </method>
          </methods>
          <lines>
            <line number="5" hits="2" branch="false"/>
            <line number="6" hits="2" branch="false"/>
            <line number="7" hits="2" branch="true" condition-coverage="100% (2/2)"/>
            <line number="8" hits="1" branch="false"/>
            <line number="9" hits="1" branch="false"/>
          </lines>
        </class>
      </classes>
    </package>
    <package name="public" line-rate="0.21420000000000003" branch-rate="0.1346">
      <classes>
        <class name="accordion.ts" filename="static/js/public/accordion.ts" line-rate="0.7631" branch-rate="0.5">
          <methods>
            <method name="(anonymous_0)" hits="8" signature="()V">
              <lines>
                <line number="4" hits="8"/>
              </lines>
            </method>
            <method name="initAccordion" hits="3" signature="()V">
              <lines>
                <line number="11" hits="3"/>
              </lines>
            </method>
            <method name="(anonymous_2)" hits="2" signature="()V">
              <lines>
                <line number="19" hits="2"/>
              </lines>
            </method>
            <method name="(anonymous_3)" hits="2" signature="()V">
              <lines>
                <line number="30" hits="2"/>
              </lines>
            </method>
            <method name="(anonymous_4)" hits="0" signature="()V">
              <lines>
                <line number="43" hits="0"/>
              </lines>
            </method>
            <method name="(anonymous_5)" hits="0" signature="()V">
              <lines>
                <line number="44" hits="0"/>
              </lines>
            </method>
            <method name="initAccordionButtons" hits="2" signature="()V">
              <lines>
                <line number="70" hits="2"/>
              </lines>
            </method>
            <method name="(anonymous_7)" hits="2" signature="()V">
              <lines>
                <line number="71" hits="2"/>
              </lines>
            </method>
          </methods>
          <lines>
            <line number="4" hits="2" branch="false"/>
            <line number="5" hits="8" branch="false"/>
            <line number="6" hits="8" branch="false"/>
            <line number="7" hits="8" branch="false"/>
            <line number="8" hits="8" branch="true" condition-coverage="100% (2/2)"/>
            <line number="16" hits="3" branch="false"/>
            <line number="19" hits="3" branch="false"/>
            <line number="20" hits="2" branch="false"/>
            <line number="21" hits="2" branch="false"/>
            <line number="24" hits="2" branch="true" condition-coverage="75% (3/4)"/>
            <line number="26" hits="2" branch="false"/>
            <line number="27" hits="2" branch="false"/>
            <line number="30" hits="2" branch="false"/>
            <line number="31" hits="2" branch="false"/>
            <line number="34" hits="2" branch="false"/>
            <line number="39" hits="3" branch="false"/>
            <line number="42" hits="3" branch="true" condition-coverage="50% (1/2)"/>
            <line number="43" hits="3" branch="false"/>
            <line number="44" hits="0" branch="false"/>
            <line number="45" hits="0" branch="false"/>
            <line number="47" hits="0" branch="false"/>
            <line number="50" hits="0" branch="false"/>
            <line number="53" hits="0" branch="false"/>
            <line number="54" hits="0" branch="false"/>
            <line number="58" hits="0" branch="true" condition-coverage="0% (0/4)"/>
            <line number="59" hits="0" branch="false"/>
            <line number="60" hits="0" branch="false"/>
            <line number="71" hits="2" branch="false"/>
            <line number="72" hits="2" branch="false"/>
            <line number="74" hits="2" branch="false"/>
            <line number="77" hits="2" branch="false"/>
            <line number="80" hits="2" branch="false"/>
            <line number="81" hits="2" branch="false"/>
            <line number="82" hits="2" branch="false"/>
            <line number="86" hits="2" branch="false"/>
            <line number="87" hits="2" branch="true" condition-coverage="50% (1/2)"/>
            <line number="88" hits="2" branch="false"/>
            <line number="90" hits="2" branch="false"/>
          </lines>
        </class>
        <class name="first-snap-flow.ts" filename="static/js/public/first-snap-flow.ts" line-rate="0.10210000000000001" branch-rate="0.07769999999999999">
          <methods>
            <method name="install" hits="0" signature="()V">
              <lines>
                <line number="8" hits="0"/>
              </lines>
            </method>
            <method name="select" hits="0" signature="()V">
              <lines>
                <line number="16" hits="0"/>
              </lines>
            </method>
            <method name="(anonymous_2)" hits="0" signature="()V">
              <lines>
                <line number="18" hits="0"/>
              </lines>
            </method>
            <method name="(anonymous_3)" hits="0" signature="()V">
              <lines>
                <line number="45" hits="0"/>
              </lines>
            </method>
            <method name="(anonymous_4)" hits="0" signature="()V">
              <lines>
                <line number="50" hits="0"/>
              </lines>
            </method>
            <method name="(anonymous_5)" hits="0" signature="()V">
              <lines>
                <line number="57" hits="0"/>
              </lines>
            </method>
            <method name="onChange" hits="0" signature="()V">
              <lines>
                <line number="72" hits="0"/>
              </lines>
            </method>
            <method name="(anonymous_7)" hits="0" signature="()V">
              <lines>
                <line number="86" hits="0"/>
              </lines>
            </method>
            <method name="(anonymous_8)" hits="0" signature="()V">
              <lines>
                <line number="89" hits="0"/>
              </lines>
            </method>
            <method name="getSnapCount" hits="0" signature="()V">
              <lines>
                <line number="118" hits="0"/>
              </lines>
            </method>
            <method name="(anonymous_10)" hits="0" signature="()V">
              <lines>
                <line number="122" hits="0"/>
              </lines>
            </method>
            <method name="(anonymous_11)" hits="0" signature="()V">
              <lines>
                <line number="123" hits="0"/>
              </lines>
            </method>
            <method name="getArrayDiff" hits="0" signature="()V">
              <lines>
                <line number="129" hits="0"/>
              </lines>
            </method>
            <method name="(anonymous_13)" hits="0" signature="()V">
              <lines>
                <line number="146" hits="0"/>
              </lines>
            </method>
            <method name="push" hits="0" signature="()V">
              <lines>
                <line number="155" hits="0"/>
              </lines>
            </method>
            <method name="(anonymous_15)" hits="0" signature="()V">
              <lines>
                <line number="161" hits="0"/>
              </lines>
            </method>
            <method name="(anonymous_16)" hits="0" signature="()V">
              <lines>
                <line number="167" hits="0"/>
              </lines>
            </method>
            <method name="(anonymous_17)" hits="0" signature="()V">
              <lines>
                <line number="198" hits="0"/>
              </lines>
            </method>
            <method name="updateNotification" hits="0" signature="()V">
              <lines>
                <line number="221" hits="0"/>
              </lines>
            </method>
            <method name="successNotification" hits="0" signature="()V">
              <lines>
                <line number="238" hits="0"/>
              </lines>
            </method>
            <method name="errorNotification" hits="0" signature="()V">
              <lines>
                <line number="248" hits="0"/>
              </lines>
            </method>
            <method name="validateSnapName" hits="2" signature="()V">
              <lines>
                <line number="258" hits="2"/>
              </lines>
            </method>
            <method name="initChooseName" hits="3" signature="()V">
              <lines>
                <line number="262" hits="3"/>
              </lines>
            </method>
            <method name="(anonymous_23)" hits="2" signature="()V">
              <lines>
                <line number="273" hits="2"/>
              </lines>
            </method>
            <method name="(anonymous_24)" hits="1" signature="()V">
              <lines>
                <line number="300" hits="1"/>
              </lines>
            </method>
            <method name="initRegisterName" hits="0" signature="()V">
              <lines>
                <line number="309" hits="0"/>
              </lines>
            </method>
            <method name="(anonymous_26)" hits="0" signature="()V">
              <lines>
                <line number="318" hits="0"/>
              </lines>
            </method>
            <method name="showSuccess" hits="0" signature="()V">
              <lines>
                <line number="339" hits="0"/>
              </lines>
            </method>
            <method name="showError" hits="0" signature="()V">
              <lines>
                <line number="344" hits="0"/>
              </lines>
            </method>
            <method name="(anonymous_29)" hits="0" signature="()V">
              <lines>
                <line number="348" hits="0"/>
              </lines>
            </method>
            <method name="(anonymous_30)" hits="0" signature="()V">
              <lines>
                <line number="366" hits="0"/>
              </lines>
            </method>
            <method name="(anonymous_31)" hits="0" signature="()V">
              <lines>
                <line number="374" hits="0"/>
              </lines>
            </method>
            <method name="(anonymous_32)" hits="0" signature="()V">
              <lines>
                <line number="389" hits="0"/>
              </lines>
            </method>
            <method name="(anonymous_33)" hits="0" signature="()V">
              <lines>
                <line number="400" hits="0"/>
              </lines>
            </method>
            <method name="(anonymous_34)" hits="0" signature="()V">
              <lines>
                <line number="401" hits="0"/>
              </lines>
            </method>
            <method name="(anonymous_35)" hits="0" signature="()V">
              <lines>
                <line number="421" hits="0"/>
              </lines>
            </method>
          </methods>
          <lines>
            <line number="9" hits="0" branch="false"/>
            <line number="12" hits="0" branch="false"/>
            <line number="17" hits="0" branch="true" condition-coverage="0% (0/2)"/>
            <line number="18" hits="0" branch="false"/>
            <line number="19" hits="0" branch="false"/>
            <line number="22" hits="0" branch="false"/>
            <line number="23" hits="0" branch="true" condition-coverage="0% (0/2)"/>
            <line number="24" hits="0" branch="false"/>
            <line number="27" hits="0" branch="true" condition-coverage="0% (0/2)"/>
            <line number="28" hits="0" branch="false"/>
            <line number="31" hits="0" branch="true" condition-coverage="0% (0/2)"/>
            <line number="32" hits="0" branch="false"/>
            <line number="33" hits="0" branch="false"/>
            <line number="39" hits="0" branch="true" condition-coverage="0% (0/2)"/>
            <line number="40" hits="0" branch="false"/>
            <line number="41" hits="0" branch="false"/>
            <line number="42" hits="0" branch="false"/>
            <line number="43" hits="0" branch="true" condition-coverage="0% (0/4)"/>
            <line number="45" hits="0" branch="false"/>
            <line number="46" hits="0" branch="true" condition-coverage="0% (0/2)"/>
            <line number="47" hits="0" branch="false"/>
            <line number="50" hits="0" branch="false"/>
            <line number="51" hits="0" branch="false"/>
            <line number="52" hits="0" branch="false"/>
            <line number="53" hits="0" branch="true" condition-coverage="0% (0/2)"/>
            <line number="54" hits="0" branch="false"/>
            <line number="57" hits="0" branch="false"/>
            <line number="58" hits="0" branch="false"/>
            <line number="60" hits="0" branch="false"/>
            <line number="61" hits="0" branch="true" condition-coverage="0% (0/4)"/>
            <line number="62" hits="0" branch="false"/>
            <line number="67" hits="0" branch="true" condition-coverage="0% (0/2)"/>
            <line number="68" hits="0" branch="false"/>
            <line number="73" hits="0" branch="false"/>
            <line number="74" hits="0" branch="false"/>
            <line number="75" hits="0" branch="false"/>
            <line number="76" hits="0" branch="false"/>
            <line number="77" hits="0" branch="false"/>
            <line number="81" hits="0" branch="true" condition-coverage="0% (0/4)"/>
            <line number="82" hits="0" branch="false"/>
            <line number="85" hits="0" branch="true" condition-coverage="0% (0/2)"/>
            <line number="86" hits="0" branch="false"/>
            <line number="87" hits="0" branch="false"/>
            <line number="88" hits="0" branch="true" condition-coverage="0% (0/2)"/>
            <line number="89" hits="0" branch="false"/>
            <line number="90" hits="0" branch="false"/>
            <line number="96" hits="0" branch="false"/>
            <line number="97" hits="0" branch="false"/>
            <line number="99" hits="0" branch="false"/>
            <line number="102" hits="0" branch="true" condition-coverage="0% (0/2)"/>
            <line number="103" hits="0" branch="false"/>
            <line number="104" hits="0" branch="false"/>
            <line number="105" hits="0" branch="false"/>
            <line number="109" hits="0" branch="false"/>
            <line number="112" hits="0" branch="true" condition-coverage="0% (0/2)"/>
            <line number="114" hits="0" branch="false"/>
            <line number="121" hits="0" branch="false"/>
            <line number="122" hits="0" branch="false"/>
            <line number="124" hits="0" branch="false"/>
            <line number="132" hits="0" branch="true" condition-coverage="0% (0/2)"/>
            <line number="133" hits="0" branch="false"/>
            <line number="136" hits="0" branch="true" condition-coverage="0% (0/2)"/>
            <line number="137" hits="0" branch="false"/>
            <line number="138" hits="0" branch="false"/>
            <line number="140" hits="0" branch="false"/>
            <line number="141" hits="0" branch="false"/>
            <line number="144" hits="0" branch="false"/>
            <line number="146" hits="0" branch="false"/>
            <line number="147" hits="0" branch="true" condition-coverage="0% (0/2)"/>
            <line number="148" hits="0" branch="false"/>
            <line number="152" hits="0" branch="false"/>
            <line number="156" hits="0" branch="false"/>
            <line number="157" hits="0" branch="false"/>
            <line number="159" hits="0" branch="false"/>
            <line number="161" hits="0" branch="false"/>
            <line number="165" hits="0" branch="false"/>
            <line number="167" hits="0" branch="false"/>
            <line number="168" hits="0" branch="true" condition-coverage="0% (0/2)"/>
            <line number="169" hits="0" branch="false"/>
            <line number="170" hits="0" branch="false"/>
            <line number="171" hits="0" branch="true" condition-coverage="0% (0/2)"/>
            <line number="172" hits="0" branch="false"/>
            <line number="175" hits="0" branch="true" condition-coverage="0% (0/4)"/>
            <line number="177" hits="0" branch="false"/>
            <line number="186" hits="0" branch="false"/>
            <line number="188" hits="0" branch="false"/>
            <line number="192" hits="0" branch="true" condition-coverage="0% (0/2)"/>
            <line number="194" hits="0" branch="false"/>
            <line number="198" hits="0" branch="false"/>
            <line number="200" hits="0" branch="false"/>
            <line number="203" hits="0" branch="true" condition-coverage="0% (0/2)"/>
            <line number="204" hits="0" branch="false"/>
            <line number="205" hits="0" branch="false"/>
            <line number="206" hits="0" branch="false"/>
            <line number="207" hits="0" branch="false"/>
            <line number="208" hits="0" branch="false"/>
            <line number="211" hits="0" branch="false"/>
            <line number="214" hits="0" branch="true" condition-coverage="0% (0/2)"/>
            <line number="215" hits="0" branch="false"/>
            <line number="216" hits="0" branch="false"/>
            <line number="229" hits="0" branch="false"/>
            <line number="230" hits="0" branch="true" condition-coverage="0% (0/2)"/>
            <line number="231" hits="0" branch="false"/>
            <line number="232" hits="0" branch="true" condition-coverage="0% (0/2)"/>
            <line number="233" hits="0" branch="false"/>
            <line number="245" hits="0" branch="false"/>
            <line number="255" hits="0" branch="false"/>
            <line number="259" hits="2" branch="true" condition-coverage="100% (2/2)"/>
            <line number="269" hits="3" branch="false"/>
            <line number="273" hits="3" branch="false"/>
            <line number="274" hits="2" branch="false"/>
            <line number="276" hits="2" branch="false"/>
            <line number="277" hits="2" branch="true" condition-coverage="50% (1/2)"/>
            <line number="278" hits="2" branch="true" condition-coverage="100% (2/2)"/>
            <line number="279" hits="1" branch="false"/>
            <line number="281" hits="1" branch="false"/>
            <line number="284" hits="1" branch="true" condition-coverage="50% (1/2)"/>
            <line number="285" hits="1" branch="false"/>
            <line number="288" hits="1" branch="false"/>
            <line number="290" hits="1" branch="false"/>
            <line number="293" hits="1" branch="true" condition-coverage="50% (1/2)"/>
            <line number="294" hits="1" branch="false"/>
            <line number="300" hits="3" branch="false"/>
            <line number="301" hits="1" branch="false"/>
            <line number="304" hits="1" branch="false"/>
            <line number="305" hits="1" branch="false"/>
            <line number="314" hits="0" branch="false"/>
            <line number="318" hits="0" branch="false"/>
            <line number="319" hits="0" branch="true" condition-coverage="0% (0/2)"/>
            <line number="320" hits="0" branch="false"/>
            <line number="323" hits="0" branch="false"/>
            <line number="325" hits="0" branch="false"/>
            <line number="326" hits="0" branch="false"/>
            <line number="328" hits="0" branch="true" condition-coverage="0% (0/2)"/>
            <line number="329" hits="0" branch="true" condition-coverage="0% (0/2)"/>
            <line number="330" hits="0" branch="false"/>
            <line number="331" hits="0" branch="false"/>
            <line number="333" hits="0" branch="false"/>
            <line number="334" hits="0" branch="false"/>
            <line number="340" hits="0" branch="false"/>
            <line number="341" hits="0" branch="false"/>
            <line number="345" hits="0" branch="false"/>
            <line number="348" hits="0" branch="false"/>
            <line number="349" hits="0" branch="false"/>
            <line number="350" hits="0" branch="false"/>
            <line number="351" hits="0" branch="false"/>
            <line number="355" hits="0" branch="false"/>
            <line number="358" hits="0" branch="false"/>
            <line number="361" hits="0" branch="false"/>
            <line number="362" hits="0" branch="false"/>
            <line number="366" hits="0" branch="false"/>
            <line number="367" hits="0" branch="true" condition-coverage="0% (0/2)"/>
            <line number="368" hits="0" branch="false"/>
            <line number="369" hits="0" branch="false"/>
            <line number="374" hits="0" branch="false"/>
            <line number="375" hits="0" branch="false"/>
            <line number="378" hits="0" branch="false"/>
            <line number="379" hits="0" branch="false"/>
            <line number="382" hits="0" branch="true" condition-coverage="0% (0/2)"/>
            <line number="383" hits="0" branch="false"/>
            <line number="384" hits="0" branch="false"/>
            <line number="389" hits="0" branch="false"/>
            <line number="390" hits="0" branch="true" condition-coverage="0% (0/2)"/>
            <line number="391" hits="0" branch="false"/>
            <line number="392" hits="0" branch="false"/>
            <line number="396" hits="0" branch="false"/>
            <line number="400" hits="0" branch="false"/>
            <line number="402" hits="0" branch="false"/>
            <line number="404" hits="0" branch="true" condition-coverage="0% (0/2)"/>
            <line number="405" hits="0" branch="false"/>
            <line number="406" hits="0" branch="false"/>
            <line number="407" hits="0" branch="false"/>
            <line number="408" hits="0" branch="true" condition-coverage="0% (0/2)"/>
            <line number="409" hits="0" branch="false"/>
            <line number="410" hits="0" branch="true" condition-coverage="0% (0/2)"/>
            <line number="411" hits="0" branch="false"/>
            <line number="414" hits="0" branch="false"/>
            <line number="415" hits="0" branch="false"/>
            <line number="417" hits="0" branch="false"/>
            <line number="418" hits="0" branch="false"/>
            <line number="419" hits="0" branch="false"/>
            <line number="422" hits="0" branch="false"/>
            <line number="423" hits="0" branch="true" condition-coverage="0% (0/2)"/>
            <line number="424" hits="0" branch="false"/>
            <line number="425" hits="0" branch="false"/>
            <line number="427" hits="0" branch="false"/>
          </lines>
        </class>
      </classes>
    </package>
    <package name="public.snap-details" line-rate="0" branch-rate="0">
      <classes>
        <class name="map.ts" filename="static/js/public/snap-details/map.ts" line-rate="0" branch-rate="0">
          <methods>
            <method name="renderMap" hits="0" signature="()V">
              <lines>
                <line number="12" hits="0"/>
              </lines>
            </method>
            <method name="(anonymous_1)" hits="0" signature="()V">
              <lines>
                <line number="21" hits="0"/>
              </lines>
            </method>
            <method name="render" hits="0" signature="()V">
              <lines>
                <line number="25" hits="0"/>
              </lines>
            </method>
            <method name="(anonymous_3)" hits="0" signature="()V">
              <lines>
                <line number="80" hits="0"/>
              </lines>
            </method>
            <method name="(anonymous_4)" hits="0" signature="()V">
              <lines>
                <line number="90" hits="0"/>
              </lines>
            </method>
            <method name="(anonymous_5)" hits="0" signature="()V">
              <lines>
                <line number="109" hits="0"/>
              </lines>
            </method>
            <method name="(anonymous_6)" hits="0" signature="()V">
              <lines>
                <line number="112" hits="0"/>
              </lines>
            </method>
            <method name="(anonymous_7)" hits="0" signature="()V">
              <lines>
                <line number="116" hits="0"/>
              </lines>
            </method>
            <method name="(anonymous_8)" hits="0" signature="()V">
              <lines>
                <line number="144" hits="0"/>
              </lines>
            </method>
            <method name="(anonymous_9)" hits="0" signature="()V">
              <lines>
                <line number="151" hits="0"/>
              </lines>
            </method>
            <method name="ready" hits="0" signature="()V">
              <lines>
                <line number="159" hits="0"/>
              </lines>
            </method>
            <method name="(anonymous_11)" hits="0" signature="()V">
              <lines>
                <line number="164" hits="0"/>
              </lines>
            </method>
            <method name="(anonymous_12)" hits="0" signature="()V">
              <lines>
                <line number="166" hits="0"/>
              </lines>
            </method>
          </methods>
          <lines>
            <line number="16" hits="0" branch="false"/>
            <line number="18" hits="0" branch="false"/>
            <line number="22" hits="0" branch="false"/>
            <line number="30" hits="0" branch="false"/>
            <line number="31" hits="0" branch="false"/>
            <line number="33" hits="0" branch="false"/>
            <line number="35" hits="0" branch="false"/>
            <line number="41" hits="0" branch="false"/>
            <line number="43" hits="0" branch="false"/>
            <line number="46" hits="0" branch="false"/>
            <line number="48" hits="0" branch="false"/>
            <line number="50" hits="0" branch="false"/>
            <line number="54" hits="0" branch="false"/>
            <line number="59" hits="0" branch="false"/>
            <line number="61" hits="0" branch="false"/>
            <line number="75" hits="0" branch="false"/>
            <line number="77" hits="0" branch="false"/>
            <line number="81" hits="0" branch="false"/>
            <line number="83" hits="0" branch="true" condition-coverage="0% (0/2)"/>
            <line number="84" hits="0" branch="false"/>
            <line number="87" hits="0" branch="false"/>
            <line number="91" hits="0" branch="false"/>
            <line number="93" hits="0" branch="true" condition-coverage="0% (0/2)"/>
            <line number="94" hits="0" branch="true" condition-coverage="0% (0/2)"/>
            <line number="95" hits="0" branch="false"/>
            <line number="110" hits="0" branch="false"/>
            <line number="114" hits="0" branch="false"/>
            <line number="117" hits="0" branch="false"/>
            <line number="118" hits="0" branch="false"/>
            <line number="120" hits="0" branch="true" condition-coverage="0% (0/2)"/>
            <line number="121" hits="0" branch="false"/>
            <line number="126" hits="0" branch="false"/>
            <line number="130" hits="0" branch="true" condition-coverage="0% (0/2)"/>
            <line number="131" hits="0" branch="false"/>
            <line number="133" hits="0" branch="false"/>
            <line number="134" hits="0" branch="false"/>
            <line number="145" hits="0" branch="false"/>
            <line number="148" hits="0" branch="false"/>
            <line number="152" hits="0" branch="false"/>
            <line number="160" hits="0" branch="false"/>
            <line number="164" hits="0" branch="false"/>
            <line number="165" hits="0" branch="false"/>
            <line number="166" hits="0" branch="false"/>
            <line number="167" hits="0" branch="false"/>
          </lines>
        </class>
      </classes>
    </package>
    <package name="publisher.components.AppPagination" line-rate="0.8095" branch-rate="0.75">
      <classes>
        <class name="AppPagination.tsx" filename="static/js/publisher/components/AppPagination/AppPagination.tsx" line-rate="0.8095" branch-rate="0.75">
          <methods>
            <method name="AppPagination" hits="37" signature="()V">
              <lines>
                <line number="18" hits="37"/>
              </lines>
            </method>
            <method name="(anonymous_1)" hits="20" signature="()V">
              <lines>
                <line number="49" hits="20"/>
              </lines>
            </method>
            <method name="(anonymous_2)" hits="20" signature="()V">
              <lines>
                <line number="58" hits="20"/>
              </lines>
            </method>
            <method name="(anonymous_3)" hits="0" signature="()V">
              <lines>
                <line number="84" hits="0"/>
              </lines>
            </method>
            <method name="(anonymous_4)" hits="0" signature="()V">
              <lines>
                <line number="97" hits="0"/>
              </lines>
            </method>
            <method name="(anonymous_5)" hits="0" signature="()V">
              <lines>
                <line number="110" hits="0"/>
              </lines>
            </method>
            <method name="(anonymous_6)" hits="0" signature="()V">
              <lines>
                <line number="121" hits="0"/>
              </lines>
            </method>
          </methods>
          <lines>
            <line number="23" hits="37" branch="false"/>
            <line number="42" hits="37" branch="false"/>
            <line number="43" hits="37" branch="false"/>
            <line number="44" hits="37" branch="false"/>
            <line number="45" hits="37" branch="false"/>
            <line number="49" hits="37" branch="false"/>
            <line number="50" hits="20" branch="false"/>
            <line number="52" hits="20" branch="false"/>
            <line number="53" hits="20" branch="false"/>
            <line number="54" hits="20" branch="false"/>
            <line number="55" hits="20" branch="false"/>
            <line number="58" hits="37" branch="false"/>
            <line number="59" hits="20" branch="false"/>
            <line number="60" hits="20" branch="false"/>
            <line number="65" hits="20" branch="false"/>
            <line number="66" hits="20" branch="false"/>
            <line number="69" hits="37" branch="false"/>
            <line number="85" hits="0" branch="false"/>
            <line number="98" hits="0" branch="false"/>
            <line number="111" hits="0" branch="false"/>
            <line number="122" hits="0" branch="false"/>
          </lines>
        </class>
        <class name="index.ts" filename="static/js/publisher/components/AppPagination/index.ts" line-rate="0" branch-rate="0">
          <methods>
          </methods>
          <lines>
          </lines>
        </class>
      </classes>
    </package>
    <package name="publisher.components.EmptySnapList" line-rate="1" branch-rate="1">
      <classes>
        <class name="EmptySnapList.tsx" filename="static/js/publisher/components/EmptySnapList/EmptySnapList.tsx" line-rate="1" branch-rate="1">
          <methods>
            <method name="EmptySnapList" hits="1" signature="()V">
              <lines>
                <line number="3" hits="1"/>
              </lines>
            </method>
          </methods>
          <lines>
            <line number="4" hits="1" branch="false"/>
          </lines>
        </class>
        <class name="index.ts" filename="static/js/publisher/components/EmptySnapList/index.ts" line-rate="0" branch-rate="0">
          <methods>
          </methods>
          <lines>
          </lines>
        </class>
      </classes>
    </package>
    <package name="publisher.components.Filter" line-rate="0.8" branch-rate="0.75">
      <classes>
        <class name="Filter.tsx" filename="static/js/publisher/components/Filter/Filter.tsx" line-rate="0.8" branch-rate="0.75">
          <methods>
            <method name="Filter" hits="20" signature="()V">
              <lines>
                <line number="10" hits="20"/>
              </lines>
            </method>
            <method name="(anonymous_1)" hits="1" signature="()V">
              <lines>
                <line number="28" hits="1"/>
              </lines>
            </method>
            <method name="(anonymous_2)" hits="1" signature="()V">
              <lines>
                <line number="41" hits="1"/>
              </lines>
            </method>
          </methods>
          <lines>
            <line number="11" hits="20" branch="false"/>
            <line number="12" hits="20" branch="false"/>
            <line number="14" hits="20" branch="false"/>
            <line number="29" hits="1" branch="true" condition-coverage="50% (1/2)"/>
            <line number="30" hits="1" branch="false"/>
            <line number="31" hits="1" branch="false"/>
            <line number="33" hits="0" branch="false"/>
            <line number="34" hits="0" branch="false"/>
            <line number="42" hits="1" branch="false"/>
            <line number="43" hits="1" branch="false"/>
          </lines>
        </class>
        <class name="index.ts" filename="static/js/publisher/components/Filter/index.ts" line-rate="0" branch-rate="0">
          <methods>
          </methods>
          <lines>
          </lines>
        </class>
      </classes>
    </package>
    <package name="publisher.components.Navigation" line-rate="0.8181" branch-rate="0.8387">
      <classes>
        <class name="Logo.tsx" filename="static/js/publisher/components/Navigation/Logo.tsx" line-rate="1" branch-rate="1">
          <methods>
            <method name="Logo" hits="162" signature="()V">
              <lines>
                <line number="1" hits="162"/>
              </lines>
            </method>
          </methods>
          <lines>
            <line number="2" hits="162" branch="false"/>
          </lines>
        </class>
        <class name="Navigation.tsx" filename="static/js/publisher/components/Navigation/Navigation.tsx" line-rate="0.8095" branch-rate="0.8387">
          <methods>
            <method name="Navigation" hits="81" signature="()V">
              <lines>
                <line number="15" hits="81"/>
              </lines>
            </method>
            <method name="(anonymous_1)" hits="48" signature="()V">
              <lines>
                <line number="30" hits="48"/>
              </lines>
            </method>
            <method name="(anonymous_2)" hits="32" signature="()V">
              <lines>
                <line number="32" hits="32"/>
              </lines>
            </method>
            <method name="(anonymous_3)" hits="33" signature="()V">
              <lines>
                <line number="38" hits="33"/>
              </lines>
            </method>
            <method name="(anonymous_4)" hits="0" signature="()V">
              <lines>
                <line number="53" hits="0"/>
              </lines>
            </method>
            <method name="(anonymous_5)" hits="0" signature="()V">
              <lines>
                <line number="74" hits="0"/>
              </lines>
            </method>
            <method name="(anonymous_6)" hits="0" signature="()V">
              <lines>
                <line number="85" hits="0"/>
              </lines>
            </method>
            <method name="(anonymous_7)" hits="0" signature="()V">
              <lines>
                <line number="277" hits="0"/>
              </lines>
            </method>
          </methods>
          <lines>
            <line number="20" hits="81" branch="false"/>
            <line number="21" hits="81" branch="false"/>
            <line number="22" hits="81" branch="false"/>
            <line number="23" hits="81" branch="false"/>
            <line number="24" hits="81" branch="false"/>
            <line number="25" hits="81" branch="false"/>
            <line number="26" hits="81" branch="false"/>
            <line number="27" hits="81" branch="false"/>
            <line number="28" hits="81" branch="false"/>
            <line number="30" hits="81" branch="false"/>
            <line number="32" hits="81" branch="false"/>
            <line number="33" hits="32" branch="true" condition-coverage="100% (2/2)"/>
            <line number="34" hits="14" branch="false"/>
            <line number="38" hits="81" branch="false"/>
            <line number="39" hits="33" branch="true" condition-coverage="100% (2/2)"/>
            <line number="40" hits="18" branch="false"/>
            <line number="44" hits="81" branch="false"/>
            <line number="54" hits="0" branch="false"/>
            <line number="75" hits="0" branch="false"/>
            <line number="86" hits="0" branch="false"/>
            <line number="278" hits="0" branch="false"/>
          </lines>
        </class>
        <class name="index.ts" filename="static/js/publisher/components/Navigation/index.ts" line-rate="0" branch-rate="0">
          <methods>
          </methods>
          <lines>
          </lines>
        </class>
      </classes>
    </package>
    <package name="publisher.components.NewSnapNotification" line-rate="1" branch-rate="1">
      <classes>
        <class name="NewSnapNotification.tsx" filename="static/js/publisher/components/NewSnapNotification/NewSnapNotification.tsx" line-rate="1" branch-rate="1">
          <methods>
            <method name="NewSnapNotification" hits="2" signature="()V">
              <lines>
                <line number="4" hits="2"/>
              </lines>
            </method>
          </methods>
          <lines>
            <line number="5" hits="2" branch="false"/>
            <line number="6" hits="2" branch="false"/>
            <line number="8" hits="2" branch="true" condition-coverage="100% (2/2)"/>
            <line number="12" hits="2" branch="false"/>
          </lines>
        </class>
        <class name="index.ts" filename="static/js/publisher/components/NewSnapNotification/index.ts" line-rate="0" branch-rate="0">
          <methods>
          </methods>
          <lines>
          </lines>
        </class>
      </classes>
    </package>
    <package name="publisher.components.PublishedSnapList" line-rate="1" branch-rate="0.8518000000000001">
      <classes>
        <class name="PublishedSnapList.tsx" filename="static/js/publisher/components/PublishedSnapList/PublishedSnapList.tsx" line-rate="1" branch-rate="0.9129999999999999">
          <methods>
            <method name="PublishedSnapList" hits="9" signature="()V">
              <lines>
                <line number="9" hits="9"/>
              </lines>
            </method>
            <method name="(anonymous_1)" hits="8" signature="()V">
              <lines>
                <line number="25" hits="8"/>
              </lines>
            </method>
            <method name="(anonymous_2)" hits="30" signature="()V">
              <lines>
                <line number="26" hits="30"/>
              </lines>
            </method>
            <method name="(anonymous_3)" hits="1" signature="()V">
              <lines>
                <line number="122" hits="1"/>
              </lines>
            </method>
          </methods>
          <lines>
            <line number="23" hits="9" branch="true" condition-coverage="100% (3/3)"/>
            <line number="25" hits="9" branch="false"/>
            <line number="26" hits="30" branch="false"/>
            <line number="78" hits="9" branch="true" condition-coverage="100% (2/2)"/>
            <line number="80" hits="9" branch="false"/>
            <line number="122" hits="1" branch="false"/>
          </lines>
        </class>
        <class name="SnapNameEntry.tsx" filename="static/js/publisher/components/PublishedSnapList/SnapNameEntry.tsx" line-rate="1" branch-rate="0.5">
          <methods>
            <method name="SnapNameEntry" hits="30" signature="()V">
              <lines>
                <line number="6" hits="30"/>
              </lines>
            </method>
          </methods>
          <lines>
            <line number="7" hits="30" branch="false"/>
            <line number="8" hits="30" branch="false"/>
          </lines>
        </class>
        <class name="index.ts" filename="static/js/publisher/components/PublishedSnapList/index.ts" line-rate="0" branch-rate="0">
          <methods>
          </methods>
          <lines>
          </lines>
        </class>
      </classes>
    </package>
    <package name="publisher.components.PublishedSnapSection" line-rate="1" branch-rate="1">
      <classes>
        <class name="PublishedSnapSection.tsx" filename="static/js/publisher/components/PublishedSnapSection/PublishedSnapSection.tsx" line-rate="1" branch-rate="1">
          <methods>
            <method name="PublishedSnapSection" hits="4" signature="()V">
              <lines>
                <line number="8" hits="4"/>
              </lines>
            </method>
          </methods>
          <lines>
            <line number="15" hits="4" branch="false"/>
            <line number="17" hits="4" branch="false"/>
            <line number="18" hits="4" branch="false"/>
            <line number="23" hits="4" branch="false"/>
          </lines>
        </class>
        <class name="index.ts" filename="static/js/publisher/components/PublishedSnapSection/index.ts" line-rate="0" branch-rate="0">
          <methods>
          </methods>
          <lines>
          </lines>
        </class>
      </classes>
    </package>
    <package name="publisher.components.PublisherMetrics" line-rate="0.5714" branch-rate="0.5555">
      <classes>
        <class name="PublisherMetrics.tsx" filename="static/js/publisher/components/PublisherMetrics/PublisherMetrics.tsx" line-rate="0.5714" branch-rate="0.5555">
          <methods>
            <method name="PublisherMetrics" hits="3" signature="()V">
              <lines>
                <line number="7" hits="3"/>
              </lines>
            </method>
            <method name="(anonymous_1)" hits="2" signature="()V">
              <lines>
                <line number="10" hits="2"/>
              </lines>
            </method>
            <method name="(anonymous_2)" hits="0" signature="()V">
              <lines>
                <line number="35" hits="0"/>
              </lines>
            </method>
            <method name="(anonymous_3)" hits="0" signature="()V">
              <lines>
                <line number="36" hits="0"/>
              </lines>
            </method>
          </methods>
          <lines>
            <line number="8" hits="3" branch="false"/>
            <line number="10" hits="3" branch="false"/>
            <line number="11" hits="2" branch="true" condition-coverage="50% (1/2)"/>
            <line number="12" hits="0" branch="false"/>
            <line number="18" hits="3" branch="false"/>
            <line number="35" hits="0" branch="false"/>
            <line number="36" hits="0" branch="false"/>
          </lines>
        </class>
        <class name="index.ts" filename="static/js/publisher/components/PublisherMetrics/index.ts" line-rate="0" branch-rate="0">
          <methods>
          </methods>
          <lines>
          </lines>
        </class>
      </classes>
    </package>
    <package name="publisher.components.RegisteredSnaps" line-rate="0.4782" branch-rate="0.6666">
      <classes>
        <class name="RegisteredSnaps.tsx" filename="static/js/publisher/components/RegisteredSnaps/RegisteredSnaps.tsx" line-rate="0.4782" branch-rate="0.6666">
          <methods>
            <method name="RegisteredSnaps" hits="6" signature="()V">
              <lines>
                <line number="15" hits="6"/>
              </lines>
            </method>
            <method name="(anonymous_1)" hits="0" signature="()V">
              <lines>
                <line number="30" hits="0"/>
              </lines>
            </method>
            <method name="(anonymous_2)" hits="6" signature="()V">
              <lines>
                <line number="32" hits="6"/>
              </lines>
            </method>
            <method name="(anonymous_3)" hits="34" signature="()V">
              <lines>
                <line number="33" hits="34"/>
              </lines>
            </method>
            <method name="(anonymous_4)" hits="0" signature="()V">
              <lines>
                <line number="66" hits="0"/>
              </lines>
            </method>
            <method name="(anonymous_5)" hits="0" signature="()V">
              <lines>
                <line number="105" hits="0"/>
              </lines>
            </method>
            <method name="(anonymous_6)" hits="0" signature="()V">
              <lines>
                <line number="140" hits="0"/>
              </lines>
            </method>
          </methods>
          <lines>
            <line number="24" hits="6" branch="false"/>
            <line number="27" hits="6" branch="false"/>
            <line number="28" hits="6" branch="false"/>
            <line number="30" hits="6" branch="false"/>
            <line number="32" hits="6" branch="false"/>
[...]
            <line number="27" hits="1" branch="false"/>
            <line number="30" hits="4" branch="true" condition-coverage="100% (4/4)"/>
            <line number="31" hits="1" branch="false"/>
            <line number="35" hits="2" branch="false"/>
            <line number="55" hits="2" branch="false"/>
            <line number="57" hits="2" branch="false"/>
            <line number="58" hits="5" branch="true" condition-coverage="100% (2/2)"/>
            <line number="59" hits="1" branch="false"/>
            <line number="63" hits="2" branch="false"/>
          </lines>
        </class>
        <class name="sortByDateDescending.ts" filename="static/js/publisher/utils/sortByDateDescending.ts" line-rate="1" branch-rate="1">
          <methods>
            <method name="sortByDateAscending" hits="3" signature="()V">
              <lines>
                <line number="1" hits="3"/>
              </lines>
            </method>
          </methods>
          <lines>
            <line number="5" hits="3" branch="true" condition-coverage="100% (2/2)"/>
            <line number="6" hits="1" branch="false"/>
            <line number="9" hits="2" branch="true" condition-coverage="100% (2/2)"/>
            <line number="10" hits="1" branch="false"/>
            <line number="13" hits="1" branch="false"/>
          </lines>
        </class>
        <class name="validateImageDimensions.ts" filename="static/js/publisher/utils/validateImageDimensions.ts" line-rate="1" branch-rate="1">
          <methods>
            <method name="validateImageDimensions" hits="5" signature="()V">
              <lines>
                <line number="1" hits="5"/>
              </lines>
            </method>
          </methods>
          <lines>
            <line number="11" hits="5" branch="false"/>
          </lines>
        </class>
      </classes>
    </package>
    <package name="store.components.Banner" line-rate="1" branch-rate="1">
      <classes>
        <class name="Banner.tsx" filename="static/js/store/components/Banner/Banner.tsx" line-rate="1" branch-rate="1">
          <methods>
            <method name="Banner" hits="32" signature="()V">
              <lines>
                <line number="10" hits="32"/>
              </lines>
            </method>
          </methods>
          <lines>
            <line number="11" hits="32" branch="false"/>
          </lines>
        </class>
        <class name="index.ts" filename="static/js/store/components/Banner/index.ts" line-rate="0" branch-rate="0">
          <methods>
          </methods>
          <lines>
          </lines>
        </class>
      </classes>
    </package>
    <package name="store.components.EmptyResultSection" line-rate="0" branch-rate="1">
      <classes>
        <class name="EmptyResultSection.tsx" filename="static/js/store/components/EmptyResultSection/EmptyResultSection.tsx" line-rate="0" branch-rate="1">
          <methods>
            <method name="EmptyResultSection" hits="0" signature="()V">
              <lines>
                <line number="9" hits="0"/>
              </lines>
            </method>
          </methods>
          <lines>
            <line number="18" hits="0" branch="false"/>
            <line number="20" hits="0" branch="false"/>
          </lines>
        </class>
        <class name="index.ts" filename="static/js/store/components/EmptyResultSection/index.ts" line-rate="0" branch-rate="0">
          <methods>
          </methods>
          <lines>
          </lines>
        </class>
      </classes>
    </package>
    <package name="store.components.PackageFilter" line-rate="0.6956" branch-rate="0.5832999999999999">
      <classes>
        <class name="PackageFilter.tsx" filename="static/js/store/components/PackageFilter/PackageFilter.tsx" line-rate="0.6956" branch-rate="0.5832999999999999">
          <methods>
            <method name="(anonymous_0)" hits="32" signature="()V">
              <lines>
                <line number="23" hits="32"/>
              </lines>
            </method>
            <method name="(anonymous_1)" hits="3" signature="()V">
              <lines>
                <line number="30" hits="3"/>
              </lines>
            </method>
            <method name="(anonymous_2)" hits="2" signature="()V">
              <lines>
                <line number="32" hits="2"/>
              </lines>
            </method>
            <method name="(anonymous_3)" hits="0" signature="()V">
              <lines>
                <line number="47" hits="0"/>
              </lines>
            </method>
            <method name="(anonymous_4)" hits="11" signature="()V">
              <lines>
                <line number="61" hits="11"/>
              </lines>
            </method>
            <method name="(anonymous_5)" hits="99" signature="()V">
              <lines>
                <line number="67" hits="99"/>
              </lines>
            </method>
            <method name="(anonymous_6)" hits="1133" signature="()V">
              <lines>
                <line number="68" hits="1133"/>
              </lines>
            </method>
            <method name="(anonymous_7)" hits="209" signature="()V">
              <lines>
                <line number="74" hits="209"/>
              </lines>
            </method>
            <method name="(anonymous_8)" hits="13" signature="()V">
              <lines>
                <line number="80" hits="13"/>
              </lines>
            </method>
            <method name="(anonymous_9)" hits="75" signature="()V">
              <lines>
                <line number="82" hits="75"/>
              </lines>
            </method>
            <method name="(anonymous_10)" hits="0" signature="()V">
              <lines>
                <line number="103" hits="0"/>
              </lines>
            </method>
            <method name="(anonymous_11)" hits="0" signature="()V">
              <lines>
                <line number="114" hits="0"/>
              </lines>
            </method>
            <method name="(anonymous_12)" hits="0" signature="()V">
              <lines>
                <line number="117" hits="0"/>
              </lines>
            </method>
            <method name="(anonymous_13)" hits="0" signature="()V">
              <lines>
                <line number="136" hits="0"/>
              </lines>
            </method>
          </methods>
          <lines>
            <line number="15" hits="1" branch="false"/>
            <line number="16" hits="1" branch="false"/>
            <line number="23" hits="1" branch="false"/>
            <line number="24" hits="32" branch="false"/>
            <line number="25" hits="32" branch="false"/>
            <line number="28" hits="32" branch="true" condition-coverage="100% (2/2)"/>
            <line number="30" hits="32" branch="false"/>
            <line number="31" hits="3" branch="false"/>
            <line number="32" hits="2" branch="true" condition-coverage="50% (1/2)"/>
            <line number="34" hits="3" branch="true" condition-coverage="100% (2/2)"/>
            <line number="35" hits="2" branch="true" condition-coverage="50% (1/2)"/>
            <line number="36" hits="0" branch="false"/>
            <line number="38" hits="2" branch="false"/>
            <line number="40" hits="1" branch="false"/>
            <line number="43" hits="3" branch="false"/>
            <line number="44" hits="3" branch="false"/>
            <line number="47" hits="32" branch="false"/>
            <line number="48" hits="0" branch="true" condition-coverage="0% (0/2)"/>
            <line number="49" hits="0" branch="false"/>
            <line number="50" hits="0" branch="true" condition-coverage="0% (0/2)"/>
            <line number="51" hits="0" branch="false"/>
            <line number="54" hits="0" branch="false"/>
            <line number="57" hits="0" branch="false"/>
            <line number="58" hits="0" branch="false"/>
            <line number="61" hits="32" branch="false"/>
            <line number="65" hits="11" branch="false"/>
            <line number="67" hits="11" branch="false"/>
            <line number="68" hits="1133" branch="false"/>
            <line number="69" hits="99" branch="true" condition-coverage="50% (1/2)"/>
            <line number="70" hits="99" branch="false"/>
            <line number="74" hits="11" branch="false"/>
            <line number="75" hits="209" branch="true" condition-coverage="100% (2/2)"/>
            <line number="76" hits="110" branch="false"/>
            <line number="80" hits="11" branch="false"/>
            <line number="81" hits="13" branch="false"/>
            <line number="82" hits="75" branch="false"/>
            <line number="85" hits="13" branch="true" condition-coverage="50% (1/2)"/>
            <line number="86" hits="13" branch="false"/>
            <line number="89" hits="0" branch="false"/>
            <line number="94" hits="32" branch="true" condition-coverage="100% (4/4)"/>
            <line number="99" hits="32" branch="false"/>
            <line number="104" hits="0" branch="false"/>
            <line number="115" hits="0" branch="false"/>
            <line number="118" hits="0" branch="true" condition-coverage="0% (0/4)"/>
            <line number="119" hits="0" branch="false"/>
            <line number="137" hits="0" branch="false"/>
          </lines>
        </class>
        <class name="index.ts" filename="static/js/store/components/PackageFilter/index.ts" line-rate="0" branch-rate="0">
          <methods>
          </methods>
          <lines>
          </lines>
        </class>
      </classes>
    </package>
    <package name="store.components.PackageList" line-rate="0.7777" branch-rate="0.8421">
      <classes>
        <class name="PackageList.tsx" filename="static/js/store/components/PackageList/PackageList.tsx" line-rate="0.7777" branch-rate="0.8421">
          <methods>
            <method name="PackageList" hits="32" signature="()V">
              <lines>
                <line number="18" hits="32"/>
              </lines>
            </method>
            <method name="(anonymous_1)" hits="12" signature="()V">
              <lines>
                <line number="44" hits="12"/>
              </lines>
            </method>
            <method name="(anonymous_2)" hits="39" signature="()V">
              <lines>
                <line number="46" hits="39"/>
              </lines>
            </method>
            <method name="(anonymous_3)" hits="32" signature="()V">
              <lines>
                <line number="51" hits="32"/>
              </lines>
            </method>
            <method name="(anonymous_4)" hits="0" signature="()V">
              <lines>
                <line number="75" hits="0"/>
              </lines>
            </method>
            <method name="(anonymous_5)" hits="255" signature="()V">
              <lines>
                <line number="123" hits="255"/>
              </lines>
            </method>
            <method name="(anonymous_6)" hits="15" signature="()V">
              <lines>
                <line number="130" hits="15"/>
              </lines>
            </method>
            <method name="(anonymous_7)" hits="0" signature="()V">
              <lines>
                <line number="144" hits="0"/>
              </lines>
            </method>
          </methods>
          <lines>
            <line number="16" hits="1" branch="false"/>
            <line number="29" hits="32" branch="false"/>
            <line number="32" hits="32" branch="true" condition-coverage="100% (2/2)"/>
            <line number="34" hits="32" branch="true" condition-coverage="100% (3/3)"/>
            <line number="37" hits="32" branch="true" condition-coverage="100% (2/2)"/>
            <line number="39" hits="32" branch="true" condition-coverage="100% (2/2)"/>
            <line number="40" hits="32" branch="false"/>
            <line number="42" hits="32" branch="false"/>
            <line number="44" hits="32" branch="false"/>
            <line number="45" hits="12" branch="false"/>
            <line number="46" hits="39" branch="false"/>
            <line number="48" hits="12" branch="false"/>
            <line number="51" hits="32" branch="false"/>
            <line number="52" hits="32" branch="true" condition-coverage="100% (2/2)"/>
            <line number="53" hits="13" branch="false"/>
            <line number="56" hits="19" branch="true" condition-coverage="100% (2/2)"/>
            <line number="57" hits="7" branch="false"/>
            <line number="60" hits="12" branch="true" condition-coverage="50% (1/2)"/>
            <line number="61" hits="0" branch="false"/>
            <line number="64" hits="12" branch="true" condition-coverage="100% (2/2)"/>
            <line number="65" hits="2" branch="false"/>
            <line number="68" hits="10" branch="true" condition-coverage="100% (2/2)"/>
            <line number="69" hits="2" branch="false"/>
            <line number="72" hits="8" branch="false"/>
            <line number="75" hits="32" branch="false"/>
            <line number="76" hits="0" branch="false"/>
            <line number="77" hits="0" branch="false"/>
            <line number="78" hits="0" branch="false"/>
            <line number="80" hits="0" branch="true" condition-coverage="0% (0/2)"/>
            <line number="81" hits="0" branch="false"/>
            <line number="86" hits="32" branch="true" condition-coverage="75% (3/4)"/>
            <line number="90" hits="32" branch="false"/>
            <line number="124" hits="255" branch="false"/>
            <line number="131" hits="15" branch="false"/>
            <line number="145" hits="0" branch="false"/>
            <line number="146" hits="0" branch="false"/>
          </lines>
        </class>
      </classes>
    </package>
    <package name="store.components.SearchInput" line-rate="1" branch-rate="0.8">
      <classes>
        <class name="SearchInput.tsx" filename="static/js/store/components/SearchInput/SearchInput.tsx" line-rate="1" branch-rate="0.8">
          <methods>
            <method name="(anonymous_0)" hits="32" signature="()V">
              <lines>
                <line number="10" hits="32"/>
              </lines>
            </method>
            <method name="(anonymous_1)" hits="2" signature="()V">
              <lines>
                <line number="16" hits="2"/>
              </lines>
            </method>
            <method name="(anonymous_2)" hits="1" signature="()V">
              <lines>
                <line number="30" hits="1"/>
              </lines>
            </method>
          </methods>
          <lines>
            <line number="10" hits="1" branch="false"/>
            <line number="14" hits="32" branch="false"/>
            <line number="16" hits="32" branch="false"/>
            <line number="17" hits="2" branch="false"/>
            <line number="18" hits="2" branch="true" condition-coverage="75% (3/4)"/>
            <line number="19" hits="2" branch="false"/>
            <line number="20" hits="2" branch="false"/>
            <line number="21" hits="2" branch="false"/>
            <line number="23" hits="2" branch="true" condition-coverage="75% (3/4)"/>
            <line number="24" hits="2" branch="false"/>
            <line number="30" hits="32" branch="false"/>
            <line number="31" hits="1" branch="false"/>
            <line number="32" hits="1" branch="false"/>
            <line number="35" hits="32" branch="false"/>
          </lines>
        </class>
        <class name="index.ts" filename="static/js/store/components/SearchInput/index.ts" line-rate="0" branch-rate="0">
          <methods>
          </methods>
          <lines>
          </lines>
        </class>
      </classes>
    </package>
    <package name="store.hooks" line-rate="1" branch-rate="1">
      <classes>
        <class name="index.ts" filename="static/js/store/hooks/index.ts" line-rate="0" branch-rate="0">
          <methods>
          </methods>
          <lines>
          </lines>
        </class>
        <class name="usePackages.ts" filename="static/js/store/hooks/usePackages.ts" line-rate="1" branch-rate="1">
          <methods>
            <method name="usePackages" hits="32" signature="()V">
              <lines>
                <line number="6" hits="32"/>
              </lines>
            </method>
            <method name="(anonymous_1)" hits="17" signature="()V">
              <lines>
                <line number="9" hits="17"/>
              </lines>
            </method>
            <method name="(anonymous_2)" hits="17" signature="()V">
              <lines>
                <line number="13" hits="17"/>
              </lines>
            </method>
          </methods>
          <lines>
            <line number="7" hits="32" branch="false"/>
            <line number="10" hits="17" branch="false"/>
            <line number="11" hits="17" branch="false"/>
            <line number="13" hits="17" branch="false"/>
            <line number="14" hits="17" branch="false"/>
            <line number="20" hits="17" branch="false"/>
          </lines>
        </class>
      </classes>
    </package>
    <package name="store.pages.Store" line-rate="1" branch-rate="0.875">
      <classes>
        <class name="Store.tsx" filename="static/js/store/pages/Store/Store.tsx" line-rate="1" branch-rate="0.875">
          <methods>
            <method name="Store" hits="32" signature="()V">
              <lines>
                <line number="10" hits="32"/>
              </lines>
            </method>
          </methods>
          <lines>
            <line number="11" hits="32" branch="false"/>
            <line number="12" hits="32" branch="false"/>
            <line number="13" hits="32" branch="true" condition-coverage="100% (2/2)"/>
            <line number="14" hits="32" branch="false"/>
            <line number="16" hits="32" branch="false"/>
            <line number="18" hits="32" branch="true" condition-coverage="100% (2/2)"/>
            <line number="24" hits="7" branch="false"/>
            <line number="26" hits="25" branch="false"/>
            <line number="29" hits="32" branch="false"/>
            <line number="30" hits="32" branch="true" condition-coverage="100% (2/2)"/>
            <line number="31" hits="32" branch="true" condition-coverage="100% (2/2)"/>
            <line number="33" hits="32" branch="false"/>
            <line number="34" hits="32" branch="false"/>
            <line number="36" hits="32" branch="true" condition-coverage="75% (3/4)"/>
          </lines>
        </class>
      </classes>
    </package>
    <package name="store.utils" line-rate="1" branch-rate="1">
      <classes>
        <class name="getArchitectures.ts" filename="static/js/store/utils/getArchitectures.ts" line-rate="1" branch-rate="1">
          <methods>
            <method name="getArchitectures" hits="28" signature="()V">
              <lines>
                <line number="1" hits="28"/>
              </lines>
            </method>
          </methods>
          <lines>
            <line number="2" hits="28" branch="false"/>
          </lines>
        </class>
        <class name="getCategoryOrder.ts" filename="static/js/store/utils/getCategoryOrder.ts" line-rate="1" branch-rate="1">
          <methods>
            <method name="getCategoryOrder" hits="1" signature="()V">
              <lines>
                <line number="1" hits="1"/>
              </lines>
            </method>
          </methods>
          <lines>
            <line number="2" hits="1" branch="false"/>
          </lines>
        </class>
        <class name="index.ts" filename="static/js/store/utils/index.ts" line-rate="0" branch-rate="0">
          <methods>
          </methods>
          <lines>
          </lines>
        </class>
      </classes>
    </package>
  </packages>
</coverage>
